[2026-04-09 15:45:01] local.ERROR: Vite manifest not found at: /home/azzirari-abdessamad/Project/Project_Laravel/laravel_with_abdessamad/crud/public/build/manifest.json (View: /home/azzirari-abdessamad/Project/Project_Laravel/laravel_with_abdessamad/crud/resources/views/welcome.blade.php) {"exception":"[object] (Illuminate\\View\\ViewException(code: 0): Vite manifest not found at: /home/azzirari-abdessamad/Project/Project_Laravel/laravel_with_abdessamad/crud/public/build/manifest.json (View: /home/azzirari-abdessamad/Project/Project_Laravel/laravel_with_abdessamad/crud/resources/views/welcome.blade.php) at /home/azzirari-abdessamad/Project/Project_Laravel/laravel_with_abdessamad/crud/vendor/laravel/framework/src/Illuminate/Foundation/Vite.php:946)
[stacktrace]
#0 /home/azzirari-abdessamad/Project/Project_Laravel/laravel_with_abdessamad/crud/vendor/laravel/framework/src/Illuminate/View/Engines/PhpEngine.php(59): Illuminate\\View\\Engines\\CompilerEngine->handleViewException()
#1 /home/azzirari-abdessamad/Project/Project_Laravel/laravel_with_abdessamad/crud/vendor/laravel/framework/src/Illuminate/View/Engines/CompilerEngine.php(76): Illuminate\\View\\Engines\\PhpEngine->evaluatePath()
#2 /home/azzirari-abdessamad/Project/Project_Laravel/laravel_with_abdessamad/crud/vendor/laravel/framework/src/Illuminate/View/View.php(208): Illuminate\\View\\Engines\\CompilerEngine->get()
#3 /home/azzirari-abdessamad/Project/Project_Laravel/laravel_with_abdessamad/crud/vendor/laravel/framework/src/Illuminate/View/View.php(191): Illuminate\\View\\View->getContents()
#4 /home/azzirari-abdessamad/Project/Project_Laravel/laravel_with_abdessamad/crud/vendor/laravel/framework/src/Illuminate/View/View.php(160): Illuminate\\View\\View->renderContents()
#5 /home/azzirari-abdessamad/Project/Project_Laravel/laravel_with_abdessamad/crud/vendor/laravel/framework/src/Illuminate/Http/Response.php(78): Illuminate\\View\\View->render()
#6 /home/azzirari-abdessamad/Project/Project_Laravel/laravel_with_abdessamad/crud/vendor/laravel/framework/src/Illuminate/Http/Response.php(34): Illuminate\\Http\\Response->setContent()
#7 /home/azzirari-abdessamad/Project/Project_Laravel/laravel_with_abdessamad/crud/vendor/laravel/framework/src/Illuminate/Routing/Router.php(939): Illuminate\\Http\\Response->__construct()
#8 /home/azzirari-abdessamad/Project/Project_Laravel/laravel_with_abdessamad/crud/vendor/laravel/framework/src/Illuminate/Routing/Router.php(906): Illuminate\\Routing\\Router::toResponse()
#9 /home/azzirari-abdessamad/Project/Project_Laravel/laravel_with_abdessamad/crud/vendor/laravel/framework/src/Illuminate/Routing/Router.php(821): Illuminate\\Routing\\Router->prepareResponse()
#10 /home/azzirari-abdessamad/Project/Project_Laravel/laravel_with_abdessamad/crud/vendor/laravel/framework/src/Illuminate/Pipeline/Pipeline.php(180): Illuminate\\Routing\\Router->Illuminate\\Routing\\{closure}()
#11 /home/azzirari-abdessamad/Project/Project_Laravel/laravel_with_abdessamad/crud/vendor/laravel/framework/src/Illuminate/Routing/Middleware/SubstituteBindings.php(52): Illuminate\\Pipeline\\Pipeline->Illuminate\\Pipeline\\{closure}()
#12 /home/azzirari-abdessamad/Project/Project_Laravel/laravel_with_abdessamad/crud/vendor/laravel/framework/src/Illuminate/Pipeline/Pipeline.php(219): Illuminate\\Routing\\Middleware\\SubstituteBindings->handle()
#13 /home/azzirari-abdessamad/Project/Project_Laravel/laravel_with_abdessamad/crud/vendor/laravel/framework/src/Illuminate/Foundation/Http/Middleware/PreventRequestForgery.php(104): Illuminate\\Pipeline\\Pipeline->Illuminate\\Pipeline\\{closure}()
#14 /home/azzirari-abdessamad/Project/Project_Laravel/laravel_with_abdessamad/crud/vendor/laravel/framework/src/Illuminate/Pipeline/Pipeline.php(219): Illuminate\\Foundation\\Http\\Middleware\\PreventRequestForgery->handle()
#15 /home/azzirari-abdessamad/Project/Project_Laravel/laravel_with_abdessamad/crud/vendor/laravel/framework/src/Illuminate/View/Middleware/ShareErrorsFromSession.php(48): Illuminate\\Pipeline\\Pipeline->Illuminate\\Pipeline\\{closure}()
#16 /home/azzirari-abdessamad/Project/Project_Laravel/laravel_with_abdessamad/crud/vendor/laravel/framework/src/Illuminate/Pipeline/Pipeline.php(219): Illuminate\\View\\Middleware\\ShareErrorsFromSession->handle()
#17 /home/azzirari-abdessamad/Project/Project_Laravel/laravel_with_abdessamad/crud/vendor/laravel/framework/src/Illuminate/Session/Middleware/StartSession.php(120): Illuminate\\Pipeline\\Pipeline->Illuminate\\Pipeline\\{closure}()
#18 /home/azzirari-abdessamad/Project/Project_Laravel/laravel_with_abdessamad/crud/vendor/laravel/framework/src/Illuminate/Session/Middleware/StartSession.php(63): Illuminate\\Session\\Middleware\\StartSession->handleStatefulRequest()
#19 /home/azzirari-abdessamad/Project/Project_Laravel/laravel_with_abdessamad/crud/vendor/laravel/framework/src/Illuminate/Pipeline/Pipeline.php(219): Illuminate\\Session\\Middleware\\StartSession->handle()
#20 /home/azzirari-abdessamad/Project/Project_Laravel/laravel_with_abdessamad/crud/vendor/laravel/framework/src/Illuminate/Cookie/Middleware/AddQueuedCookiesToResponse.php(36): Illuminate\\Pipeline\\Pipeline->Illuminate\\Pipeline\\{closure}()
#21 /home/azzirari-abdessamad/Project/Project_Laravel/laravel_with_abdessamad/crud/vendor/laravel/framework/src/Illuminate/Pipeline/Pipeline.php(219): Illuminate\\Cookie\\Middleware\\AddQueuedCookiesToResponse->handle()
#22 /home/azzirari-abdessamad/Project/Project_Laravel/laravel_with_abdessamad/crud/vendor/laravel/framework/src/Illuminate/Cookie/Middleware/EncryptCookies.php(74): Illuminate\\Pipeline\\Pipeline->Illuminate\\Pipeline\\{closure}()
#23 /home/azzirari-abdessamad/Project/Project_Laravel/laravel_with_abdessamad/crud/vendor/laravel/framework/src/Illuminate/Pipeline/Pipeline.php(219): Illuminate\\Cookie\\Middleware\\EncryptCookies->handle()
#24 /home/azzirari-abdessamad/Project/Project_Laravel/laravel_with_abdessamad/crud/vendor/laravel/framework/src/Illuminate/Pipeline/Pipeline.php(137): Illuminate\\Pipeline\\Pipeline->Illuminate\\Pipeline\\{closure}()
#25 /home/azzirari-abdessamad/Project/Project_Laravel/laravel_with_abdessamad/crud/vendor/laravel/framework/src/Illuminate/Routing/Router.php(821): Illuminate\\Pipeline\\Pipeline->then()
#26 /home/azzirari-abdessamad/Project/Project_Laravel/laravel_with_abdessamad/crud/vendor/laravel/framework/src/Illuminate/Routing/Router.php(800): Illuminate\\Routing\\Router->runRouteWithinStack()
#27 /home/azzirari-abdessamad/Project/Project_Laravel/laravel_with_abdessamad/crud/vendor/laravel/framework/src/Illuminate/Routing/Router.php(764): Illuminate\\Routing\\Router->runRoute()
#28 /home/azzirari-abdessamad/Project/Project_Laravel/laravel_with_abdessamad/crud/vendor/laravel/framework/src/Illuminate/Routing/Router.php(753): Illuminate\\Routing\\Router->dispatchToRoute()
#29 /home/azzirari-abdessamad/Project/Project_Laravel/laravel_with_abdessamad/crud/vendor/laravel/framework/src/Illuminate/Foundation/Http/Kernel.php(200): Illuminate\\Routing\\Router->dispatch()
#30 /home/azzirari-abdessamad/Project/Project_Laravel/laravel_with_abdessamad/crud/vendor/laravel/framework/src/Illuminate/Pipeline/Pipeline.php(180): Illuminate\\Foundation\\Http\\Kernel->Illuminate\\Foundation\\Http\\{closure}()
#31 /home/azzirari-abdessamad/Project/Project_Laravel/laravel_with_abdessamad/crud/vendor/laravel/framework/src/Illuminate/Foundation/Http/Middleware/TransformsRequest.php(21): Illuminate\\Pipeline\\Pipeline->Illuminate\\Pipeline\\{closure}()
#32 /home/azzirari-abdessamad/Project/Project_Laravel/laravel_with_abdessamad/crud/vendor/laravel/framework/src/Illuminate/Foundation/Http/Middleware/ConvertEmptyStringsToNull.php(31): Illuminate\\Foundation\\Http\\Middleware\\TransformsRequest->handle()
#33 /home/azzirari-abdessamad/Project/Project_Laravel/laravel_with_abdessamad/crud/vendor/laravel/framework/src/Illuminate/Pipeline/Pipeline.php(219): Illuminate\\Foundation\\Http\\Middleware\\ConvertEmptyStringsToNull->handle()
#34 /home/azzirari-abdessamad/Project/Project_Laravel/laravel_with_abdessamad/crud/vendor/laravel/framework/src/Illuminate/Foundation/Http/Middleware/TransformsRequest.php(21): Illuminate\\Pipeline\\Pipeline->Illuminate\\Pipeline\\{closure}()
#35 /home/azzirari-abdessamad/Project/Project_Laravel/laravel_with_abdessamad/crud/vendor/laravel/framework/src/Illuminate/Foundation/Http/Middleware/TrimStrings.php(51): Illuminate\\Foundation\\Http\\Middleware\\TransformsRequest->handle()
#36 /home/azzirari-abdessamad/Project/Project_Laravel/laravel_with_abdessamad/crud/vendor/laravel/framework/src/Illuminate/Pipeline/Pipeline.php(219): Illuminate\\Foundation\\Http\\Middleware\\TrimStrings->handle()
#37 /home/azzirari-abdessamad/Project/Project_Laravel/laravel_with_abdessamad/crud/vendor/laravel/framework/src/Illuminate/Http/Middleware/ValidatePostSize.php(27): Illuminate\\Pipeline\\Pipeline->Illuminate\\Pipeline\\{closure}()
#38 /home/azzirari-abdessamad/Project/Project_Laravel/laravel_with_abdessamad/crud/vendor/laravel/framework/src/Illuminate/Pipeline/Pipeline.php(219): Illuminate\\Http\\Middleware\\ValidatePostSize->handle()
#39 /home/azzirari-abdessamad/Project/Project_Laravel/laravel_with_abdessamad/crud/vendor/laravel/framework/src/Illuminate/Foundation/Http/Middleware/PreventRequestsDuringMaintenance.php(109): Illuminate\\Pipeline\\Pipeline->Illuminate\\Pipeline\\{closure}()
#40 /home/azzirari-abdessamad/Project/Project_Laravel/laravel_with_abdessamad/crud/vendor/laravel/framework/src/Illuminate/Pipeline/Pipeline.php(219): Illuminate\\Foundation\\Http\\Middleware\\PreventRequestsDuringMaintenance->handle()
#41 /home/azzirari-abdessamad/Project/Project_Laravel/laravel_with_abdessamad/crud/vendor/laravel/framework/src/Illuminate/Http/Middleware/HandleCors.php(61): Illuminate\\Pipeline\\Pipeline->Illuminate\\Pipeline\\{closure}()
#42 /home/azzirari-abdessamad/Project/Project_Laravel/laravel_with_abdessamad/crud/vendor/laravel/framework/src/Illuminate/Pipeline/Pipeline.php(219): Illuminate\\Http\\Middleware\\HandleCors->handle()
#43 /home/azzirari-abdessamad/Project/Project_Laravel/laravel_with_abdessamad/crud/vendor/laravel/framework/src/Illuminate/Http/Middleware/TrustProxies.php(58): Illuminate\\Pipeline\\Pipeline->Illuminate\\Pipeline\\{closure}()
#44 /home/azzirari-abdessamad/Project/Project_Laravel/laravel_with_abdessamad/crud/vendor/laravel/framework/src/Illuminate/Pipeline/Pipeline.php(219): Illuminate\\Http\\Middleware\\TrustProxies->handle()
#45 /home/azzirari-abdessamad/Project/Project_Laravel/laravel_with_abdessamad/crud/vendor/laravel/framework/src/Illuminate/Foundation/Http/Middleware/InvokeDeferredCallbacks.php(22): Illuminate\\Pipeline\\Pipeline->Illuminate\\Pipeline\\{closure}()
#46 /home/azzirari-abdessamad/Project/Project_Laravel/laravel_with_abdessamad/crud/vendor/laravel/framework/src/Illuminate/Pipeline/Pipeline.php(219): Illuminate\\Foundation\\Http\\Middleware\\InvokeDeferredCallbacks->handle()
#47 /home/azzirari-abdessamad/Project/Project_Laravel/laravel_with_abdessamad/crud/vendor/laravel/framework/src/Illuminate/Http/Middleware/ValidatePathEncoding.php(28): Illuminate\\Pipeline\\Pipeline->Illuminate\\Pipeline\\{closure}()
#48 /home/azzirari-abdessamad/Project/Project_Laravel/laravel_with_abdessamad/crud/vendor/laravel/framework/src/Illuminate/Pipeline/Pipeline.php(219): Illuminate\\Http\\Middleware\\ValidatePathEncoding->handle()
#49 /home/azzirari-abdessamad/Project/Project_Laravel/laravel_with_abdessamad/crud/vendor/laravel/framework/src/Illuminate/Pipeline/Pipeline.php(137): Illuminate\\Pipeline\\Pipeline->Illuminate\\Pipeline\\{closure}()
#50 /home/azzirari-abdessamad/Project/Project_Laravel/laravel_with_abdessamad/crud/vendor/laravel/framework/src/Illuminate/Foundation/Http/Kernel.php(175): Illuminate\\Pipeline\\Pipeline->then()
#51 /home/azzirari-abdessamad/Project/Project_Laravel/laravel_with_abdessamad/crud/vendor/laravel/framework/src/Illuminate/Foundation/Http/Kernel.php(144): Illuminate\\Foundation\\Http\\Kernel->sendRequestThroughRouter()
#52 /home/azzirari-abdessamad/Project/Project_Laravel/laravel_with_abdessamad/crud/vendor/laravel/framework/src/Illuminate/Foundation/Application.php(1220): Illuminate\\Foundation\\Http\\Kernel->handle()
#53 /home/azzirari-abdessamad/Project/Project_Laravel/laravel_with_abdessamad/crud/public/index.php(17): Illuminate\\Foundation\\Application->handleRequest()
#54 /home/azzirari-abdessamad/Project/Project_Laravel/laravel_with_abdessamad/crud/server.php(21): require_once('...')
#55 {main}

[previous exception] [object] (Illuminate\\Foundation\\ViteManifestNotFoundException(code: 0): Vite manifest not found at: /home/azzirari-abdessamad/Project/Project_Laravel/laravel_with_abdessamad/crud/public/build/manifest.json at /home/azzirari-abdessamad/Project/Project_Laravel/laravel_with_abdessamad/crud/vendor/laravel/framework/src/Illuminate/Foundation/Vite.php:946)
[stacktrace]
#0 /home/azzirari-abdessamad/Project/Project_Laravel/laravel_with_abdessamad/crud/vendor/laravel/framework/src/Illuminate/Foundation/Vite.php(384): Illuminate\\Foundation\\Vite->manifest()
#1 /home/azzirari-abdessamad/Project/Project_Laravel/laravel_with_abdessamad/crud/storage/framework/views/36ab29eb95934af39c987456ede087c9.php(8): Illuminate\\Foundation\\Vite->__invoke()
#2 /home/azzirari-abdessamad/Project/Project_Laravel/laravel_with_abdessamad/crud/vendor/laravel/framework/src/Illuminate/Filesystem/Filesystem.php(123): require('...')
#3 /home/azzirari-abdessamad/Project/Project_Laravel/laravel_with_abdessamad/crud/vendor/laravel/framework/src/Illuminate/Filesystem/Filesystem.php(124): Illuminate\\Filesystem\\Filesystem::Illuminate\\Filesystem\\{closure}()
#4 /home/azzirari-abdessamad/Project/Project_Laravel/laravel_with_abdessamad/crud/vendor/laravel/framework/src/Illuminate/View/Engines/PhpEngine.php(57): Illuminate\\Filesystem\\Filesystem->getRequire()
#5 /home/azzirari-abdessamad/Project/Project_Laravel/laravel_with_abdessamad/crud/vendor/laravel/framework/src/Illuminate/View/Engines/CompilerEngine.php(76): Illuminate\\View\\Engines\\PhpEngine->evaluatePath()
#6 /home/azzirari-abdessamad/Project/Project_Laravel/laravel_with_abdessamad/crud/vendor/laravel/framework/src/Illuminate/View/View.php(208): Illuminate\\View\\Engines\\CompilerEngine->get()
#7 /home/azzirari-abdessamad/Project/Project_Laravel/laravel_with_abdessamad/crud/vendor/laravel/framework/src/Illuminate/View/View.php(191): Illuminate\\View\\View->getContents()
#8 /home/azzirari-abdessamad/Project/Project_Laravel/laravel_with_abdessamad/crud/vendor/laravel/framework/src/Illuminate/View/View.php(160): Illuminate\\View\\View->renderContents()
#9 /home/azzirari-abdessamad/Project/Project_Laravel/laravel_with_abdessamad/crud/vendor/laravel/framework/src/Illuminate/Http/Response.php(78): Illuminate\\View\\View->render()
#10 /home/azzirari-abdessamad/Project/Project_Laravel/laravel_with_abdessamad/crud/vendor/laravel/framework/src/Illuminate/Http/Response.php(34): Illuminate\\Http\\Response->setContent()
#11 /home/azzirari-abdessamad/Project/Project_Laravel/laravel_with_abdessamad/crud/vendor/laravel/framework/src/Illuminate/Routing/Router.php(939): Illuminate\\Http\\Response->__construct()
#12 /home/azzirari-abdessamad/Project/Project_Laravel/laravel_with_abdessamad/crud/vendor/laravel/framework/src/Illuminate/Routing/Router.php(906): Illuminate\\Routing\\Router::toResponse()
#13 /home/azzirari-abdessamad/Project/Project_Laravel/laravel_with_abdessamad/crud/vendor/laravel/framework/src/Illuminate/Routing/Router.php(821): Illuminate\\Routing\\Router->prepareResponse()
#14 /home/azzirari-abdessamad/Project/Project_Laravel/laravel_with_abdessamad/crud/vendor/laravel/framework/src/Illuminate/Pipeline/Pipeline.php(180): Illuminate\\Routing\\Router->Illuminate\\Routing\\{closure}()
#15 /home/azzirari-abdessamad/Project/Project_Laravel/laravel_with_abdessamad/crud/vendor/laravel/framework/src/Illuminate/Routing/Middleware/SubstituteBindings.php(52): Illuminate\\Pipeline\\Pipeline->Illuminate\\Pipeline\\{closure}()
#16 /home/azzirari-abdessamad/Project/Project_Laravel/laravel_with_abdessamad/crud/vendor/laravel/framework/src/Illuminate/Pipeline/Pipeline.php(219): Illuminate\\Routing\\Middleware\\SubstituteBindings->handle()
#17 /home/azzirari-abdessamad/Project/Project_Laravel/laravel_with_abdessamad/crud/vendor/laravel/framework/src/Illuminate/Foundation/Http/Middleware/PreventRequestForgery.php(104): Illuminate\\Pipeline\\Pipeline->Illuminate\\Pipeline\\{closure}()
#18 /home/azzirari-abdessamad/Project/Project_Laravel/laravel_with_abdessamad/crud/vendor/laravel/framework/src/Illuminate/Pipeline/Pipeline.php(219): Illuminate\\Foundation\\Http\\Middleware\\PreventRequestForgery->handle()
#19 /home/azzirari-abdessamad/Project/Project_Laravel/laravel_with_abdessamad/crud/vendor/laravel/framework/src/Illuminate/View/Middleware/ShareErrorsFromSession.php(48): Illuminate\\Pipeline\\Pipeline->Illuminate\\Pipeline\\{closure}()
#20 /home/azzirari-abdessamad/Project/Project_Laravel/laravel_with_abdessamad/crud/vendor/laravel/framework/src/Illuminate/Pipeline/Pipeline.php(219): Illuminate\\View\\Middleware\\ShareErrorsFromSession->handle()
#21 /home/azzirari-abdessamad/Project/Project_Laravel/laravel_with_abdessamad/crud/vendor/laravel/framework/src/Illuminate/Session/Middleware/StartSession.php(120): Illuminate\\Pipeline\\Pipeline->Illuminate\\Pipeline\\{closure}()
#22 /home/azzirari-abdessamad/Project/Project_Laravel/laravel_with_abdessamad/crud/vendor/laravel/framework/src/Illuminate/Session/Middleware/StartSession.php(63): Illuminate\\Session\\Middleware\\StartSession->handleStatefulRequest()
#23 /home/azzirari-abdessamad/Project/Project_Laravel/laravel_with_abdessamad/crud/vendor/laravel/framework/src/Illuminate/Pipeline/Pipeline.php(219): Illuminate\\Session\\Middleware\\StartSession->handle()
#24 /home/azzirari-abdessamad/Project/Project_Laravel/laravel_with_abdessamad/crud/vendor/laravel/framework/src/Illuminate/Cookie/Middleware/AddQueuedCookiesToResponse.php(36): Illuminate\\Pipeline\\Pipeline->Illuminate\\Pipeline\\{closure}()
#25 /home/azzirari-abdessamad/Project/Project_Laravel/laravel_with_abdessamad/crud/vendor/laravel/framework/src/Illuminate/Pipeline/Pipeline.php(219): Illuminate\\Cookie\\Middleware\\AddQueuedCookiesToResponse->handle()
#26 /home/azzirari-abdessamad/Project/Project_Laravel/laravel_with_abdessamad/crud/vendor/laravel/framework/src/Illuminate/Cookie/Middleware/EncryptCookies.php(74): Illuminate\\Pipeline\\Pipeline->Illuminate\\Pipeline\\{closure}()
#27 /home/azzirari-abdessamad/Project/Project_Laravel/laravel_with_abdessamad/crud/vendor/laravel/framework/src/Illuminate/Pipeline/Pipeline.php(219): Illuminate\\Cookie\\Middleware\\EncryptCookies->handle()
#28 /home/azzirari-abdessamad/Project/Project_Laravel/laravel_with_abdessamad/crud/vendor/laravel/framework/src/Illuminate/Pipeline/Pipeline.php(137): Illuminate\\Pipeline\\Pipeline->Illuminate\\Pipeline\\{closure}()
#29 /home/azzirari-abdessamad/Project/Project_Laravel/laravel_with_abdessamad/crud/vendor/laravel/framework/src/Illuminate/Routing/Router.php(821): Illuminate\\Pipeline\\Pipeline->then()
#30 /home/azzirari-abdessamad/Project/Project_Laravel/laravel_with_abdessamad/crud/vendor/laravel/framework/src/Illuminate/Routing/Router.php(800): Illuminate\\Routing\\Router->runRouteWithinStack()
#31 /home/azzirari-abdessamad/Project/Project_Laravel/laravel_with_abdessamad/crud/vendor/laravel/framework/src/Illuminate/Routing/Router.php(764): Illuminate\\Routing\\Router->runRoute()
#32 /home/azzirari-abdessamad/Project/Project_Laravel/laravel_with_abdessamad/crud/vendor/laravel/framework/src/Illuminate/Routing/Router.php(753): Illuminate\\Routing\\Router->dispatchToRoute()
#33 /home/azzirari-abdessamad/Project/Project_Laravel/laravel_with_abdessamad/crud/vendor/laravel/framework/src/Illuminate/Foundation/Http/Kernel.php(200): Illuminate\\Routing\\Router->dispatch()
#34 /home/azzirari-abdessamad/Project/Project_Laravel/laravel_with_abdessamad/crud/vendor/laravel/framework/src/Illuminate/Pipeline/Pipeline.php(180): Illuminate\\Foundation\\Http\\Kernel->Illuminate\\Foundation\\Http\\{closure}()
#35 /home/azzirari-abdessamad/Project/Project_Laravel/laravel_with_abdessamad/crud/vendor/laravel/framework/src/Illuminate/Foundation/Http/Middleware/TransformsRequest.php(21): Illuminate\\Pipeline\\Pipeline->Illuminate\\Pipeline\\{closure}()
#36 /home/azzirari-abdessamad/Project/Project_Laravel/laravel_with_abdessamad/crud/vendor/laravel/framework/src/Illuminate/Foundation/Http/Middleware/ConvertEmptyStringsToNull.php(31): Illuminate\\Foundation\\Http\\Middleware\\TransformsRequest->handle()
#37 /home/azzirari-abdessamad/Project/Project_Laravel/laravel_with_abdessamad/crud/vendor/laravel/framework/src/Illuminate/Pipeline/Pipeline.php(219): Illuminate\\Foundation\\Http\\Middleware\\ConvertEmptyStringsToNull->handle()
#38 /home/azzirari-abdessamad/Project/Project_Laravel/laravel_with_abdessamad/crud/vendor/laravel/framework/src/Illuminate/Foundation/Http/Middleware/TransformsRequest.php(21): Illuminate\\Pipeline\\Pipeline->Illuminate\\Pipeline\\{closure}()
#39 /home/azzirari-abdessamad/Project/Project_Laravel/laravel_with_abdessamad/crud/vendor/laravel/framework/src/Illuminate/Foundation/Http/Middleware/TrimStrings.php(51): Illuminate\\Foundation\\Http\\Middleware\\TransformsRequest->handle()
#40 /home/azzirari-abdessamad/Project/Project_Laravel/laravel_with_abdessamad/crud/vendor/laravel/framework/src/Illuminate/Pipeline/Pipeline.php(219): Illuminate\\Foundation\\Http\\Middleware\\TrimStrings->handle()
#41 /home/azzirari-abdessamad/Project/Project_Laravel/laravel_with_abdessamad/crud/vendor/laravel/framework/src/Illuminate/Http/Middleware/ValidatePostSize.php(27): Illuminate\\Pipeline\\Pipeline->Illuminate\\Pipeline\\{closure}()
#42 /home/azzirari-abdessamad/Project/Project_Laravel/laravel_with_abdessamad/crud/vendor/laravel/framework/src/Illuminate/Pipeline/Pipeline.php(219): Illuminate\\Http\\Middleware\\ValidatePostSize->handle()
#43 /home/azzirari-abdessamad/Project/Project_Laravel/laravel_with_abdessamad/crud/vendor/laravel/framework/src/Illuminate/Foundation/Http/Middleware/PreventRequestsDuringMaintenance.php(109): Illuminate\\Pipeline\\Pipeline->Illuminate\\Pipeline\\{closure}()
#44 /home/azzirari-abdessamad/Project/Project_Laravel/laravel_with_abdessamad/crud/vendor/laravel/framework/src/Illuminate/Pipeline/Pipeline.php(219): Illuminate\\Foundation\\Http\\Middleware\\PreventRequestsDuringMaintenance->handle()
#45 /home/azzirari-abdessamad/Project/Project_Laravel/laravel_with_abdessamad/crud/vendor/laravel/framework/src/Illuminate/Http/Middleware/HandleCors.php(61): Illuminate\\Pipeline\\Pipeline->Illuminate\\Pipeline\\{closure}()
#46 /home/azzirari-abdessamad/Project/Project_Laravel/laravel_with_abdessamad/crud/vendor/laravel/framework/src/Illuminate/Pipeline/Pipeline.php(219): Illuminate\\Http\\Middleware\\HandleCors->handle()
#47 /home/azzirari-abdessamad/Project/Project_Laravel/laravel_with_abdessamad/crud/vendor/laravel/framework/src/Illuminate/Http/Middleware/TrustProxies.php(58): Illuminate\\Pipeline\\Pipeline->Illuminate\\Pipeline\\{closure}()
#48 /home/azzirari-abdessamad/Project/Project_Laravel/laravel_with_abdessamad/crud/vendor/laravel/framework/src/Illuminate/Pipeline/Pipeline.php(219): Illuminate\\Http\\Middleware\\TrustProxies->handle()
#49 /home/azzirari-abdessamad/Project/Project_Laravel/laravel_with_abdessamad/crud/vendor/laravel/framework/src/Illuminate/Foundation/Http/Middleware/InvokeDeferredCallbacks.php(22): Illuminate\\Pipeline\\Pipeline->Illuminate\\Pipeline\\{closure}()
#50 /home/azzirari-abdessamad/Project/Project_Laravel/laravel_with_abdessamad/crud/vendor/laravel/framework/src/Illuminate/Pipeline/Pipeline.php(219): Illuminate\\Foundation\\Http\\Middleware\\InvokeDeferredCallbacks->handle()
#51 /home/azzirari-abdessamad/Project/Project_Laravel/laravel_with_abdessamad/crud/vendor/laravel/framework/src/Illuminate/Http/Middleware/ValidatePathEncoding.php(28): Illuminate\\Pipeline\\Pipeline->Illuminate\\Pipeline\\{closure}()
#52 /home/azzirari-abdessamad/Project/Project_Laravel/laravel_with_abdessamad/crud/vendor/laravel/framework/src/Illuminate/Pipeline/Pipeline.php(219): Illuminate\\Http\\Middleware\\ValidatePathEncoding->handle()
#53 /home/azzirari-abdessamad/Project/Project_Laravel/laravel_with_abdessamad/crud/vendor/laravel/framework/src/Illuminate/Pipeline/Pipeline.php(137): Illuminate\\Pipeline\\Pipeline->Illuminate\\Pipeline\\{closure}()
#54 /home/azzirari-abdessamad/Project/Project_Laravel/laravel_with_abdessamad/crud/vendor/laravel/framework/src/Illuminate/Foundation/Http/Kernel.php(175): Illuminate\\Pipeline\\Pipeline->then()
#55 /home/azzirari-abdessamad/Project/Project_Laravel/laravel_with_abdessamad/crud/vendor/laravel/framework/src/Illuminate/Foundation/Http/Kernel.php(144): Illuminate\\Foundation\\Http\\Kernel->sendRequestThroughRouter()
#56 /home/azzirari-abdessamad/Project/Project_Laravel/laravel_with_abdessamad/crud/vendor/laravel/framework/src/Illuminate/Foundation/Application.php(1220): Illuminate\\Foundation\\Http\\Kernel->handle()
#57 /home/azzirari-abdessamad/Project/Project_Laravel/laravel_with_abdessamad/crud/public/index.php(17): Illuminate\\Foundation\\Application->handleRequest()
#58 /home/azzirari-abdessamad/Project/Project_Laravel/laravel_with_abdessamad/crud/server.php(21): require_once('...')
#59 {main}
"} 
[2026-04-09 15:45:12] local.ERROR: Vite manifest not found at: /home/azzirari-abdessamad/Project/Project_Laravel/laravel_with_abdessamad/crud/public/build/manifest.json (View: /home/azzirari-abdessamad/Project/Project_Laravel/laravel_with_abdessamad/crud/resources/views/welcome.blade.php) {"exception":"[object] (Illuminate\\View\\ViewException(code: 0): Vite manifest not found at: /home/azzirari-abdessamad/Project/Project_Laravel/laravel_with_abdessamad/crud/public/build/manifest.json (View: /home/azzirari-abdessamad/Project/Project_Laravel/laravel_with_abdessamad/crud/resources/views/welcome.blade.php) at /home/azzirari-abdessamad/Project/Project_Laravel/laravel_with_abdessamad/crud/vendor/laravel/framework/src/Illuminate/Foundation/Vite.php:946)
[stacktrace]
#0 /home/azzirari-abdessamad/Project/Project_Laravel/laravel_with_abdessamad/crud/vendor/laravel/framework/src/Illuminate/View/Engines/PhpEngine.php(59): Illuminate\\View\\Engines\\CompilerEngine->handleViewException()
#1 /home/azzirari-abdessamad/Project/Project_Laravel/laravel_with_abdessamad/crud/vendor/laravel/framework/src/Illuminate/View/Engines/CompilerEngine.php(76): Illuminate\\View\\Engines\\PhpEngine->evaluatePath()
#2 /home/azzirari-abdessamad/Project/Project_Laravel/laravel_with_abdessamad/crud/vendor/laravel/framework/src/Illuminate/View/View.php(208): Illuminate\\View\\Engines\\CompilerEngine->get()
#3 /home/azzirari-abdessamad/Project/Project_Laravel/laravel_with_abdessamad/crud/vendor/laravel/framework/src/Illuminate/View/View.php(191): Illuminate\\View\\View->getContents()
#4 /home/azzirari-abdessamad/Project/Project_Laravel/laravel_with_abdessamad/crud/vendor/laravel/framework/src/Illuminate/View/View.php(160): Illuminate\\View\\View->renderContents()
#5 /home/azzirari-abdessamad/Project/Project_Laravel/laravel_with_abdessamad/crud/vendor/laravel/framework/src/Illuminate/Http/Response.php(78): Illuminate\\View\\View->render()
#6 /home/azzirari-abdessamad/Project/Project_Laravel/laravel_with_abdessamad/crud/vendor/laravel/framework/src/Illuminate/Http/Response.php(34): Illuminate\\Http\\Response->setContent()
#7 /home/azzirari-abdessamad/Project/Project_Laravel/laravel_with_abdessamad/crud/vendor/laravel/framework/src/Illuminate/Routing/Router.php(939): Illuminate\\Http\\Response->__construct()
#8 /home/azzirari-abdessamad/Project/Project_Laravel/laravel_with_abdessamad/crud/vendor/laravel/framework/src/Illuminate/Routing/Router.php(906): Illuminate\\Routing\\Router::toResponse()
#9 /home/azzirari-abdessamad/Project/Project_Laravel/laravel_with_abdessamad/crud/vendor/laravel/framework/src/Illuminate/Routing/Router.php(821): Illuminate\\Routing\\Router->prepareResponse()
#10 /home/azzirari-abdessamad/Project/Project_Laravel/laravel_with_abdessamad/crud/vendor/laravel/framework/src/Illuminate/Pipeline/Pipeline.php(180): Illuminate\\Routing\\Router->Illuminate\\Routing\\{closure}()
#11 /home/azzirari-abdessamad/Project/Project_Laravel/laravel_with_abdessamad/crud/vendor/laravel/framework/src/Illuminate/Routing/Middleware/SubstituteBindings.php(52): Illuminate\\Pipeline\\Pipeline->Illuminate\\Pipeline\\{closure}()
#12 /home/azzirari-abdessamad/Project/Project_Laravel/laravel_with_abdessamad/crud/vendor/laravel/framework/src/Illuminate/Pipeline/Pipeline.php(219): Illuminate\\Routing\\Middleware\\SubstituteBindings->handle()
#13 /home/azzirari-abdessamad/Project/Project_Laravel/laravel_with_abdessamad/crud/vendor/laravel/framework/src/Illuminate/Foundation/Http/Middleware/PreventRequestForgery.php(104): Illuminate\\Pipeline\\Pipeline->Illuminate\\Pipeline\\{closure}()
#14 /home/azzirari-abdessamad/Project/Project_Laravel/laravel_with_abdessamad/crud/vendor/laravel/framework/src/Illuminate/Pipeline/Pipeline.php(219): Illuminate\\Foundation\\Http\\Middleware\\PreventRequestForgery->handle()
#15 /home/azzirari-abdessamad/Project/Project_Laravel/laravel_with_abdessamad/crud/vendor/laravel/framework/src/Illuminate/View/Middleware/ShareErrorsFromSession.php(48): Illuminate\\Pipeline\\Pipeline->Illuminate\\Pipeline\\{closure}()
#16 /home/azzirari-abdessamad/Project/Project_Laravel/laravel_with_abdessamad/crud/vendor/laravel/framework/src/Illuminate/Pipeline/Pipeline.php(219): Illuminate\\View\\Middleware\\ShareErrorsFromSession->handle()
#17 /home/azzirari-abdessamad/Project/Project_Laravel/laravel_with_abdessamad/crud/vendor/laravel/framework/src/Illuminate/Session/Middleware/StartSession.php(120): Illuminate\\Pipeline\\Pipeline->Illuminate\\Pipeline\\{closure}()
#18 /home/azzirari-abdessamad/Project/Project_Laravel/laravel_with_abdessamad/crud/vendor/laravel/framework/src/Illuminate/Session/Middleware/StartSession.php(63): Illuminate\\Session\\Middleware\\StartSession->handleStatefulRequest()
#19 /home/azzirari-abdessamad/Project/Project_Laravel/laravel_with_abdessamad/crud/vendor/laravel/framework/src/Illuminate/Pipeline/Pipeline.php(219): Illuminate\\Session\\Middleware\\StartSession->handle()
#20 /home/azzirari-abdessamad/Project/Project_Laravel/laravel_with_abdessamad/crud/vendor/laravel/framework/src/Illuminate/Cookie/Middleware/AddQueuedCookiesToResponse.php(36): Illuminate\\Pipeline\\Pipeline->Illuminate\\Pipeline\\{closure}()
#21 /home/azzirari-abdessamad/Project/Project_Laravel/laravel_with_abdessamad/crud/vendor/laravel/framework/src/Illuminate/Pipeline/Pipeline.php(219): Illuminate\\Cookie\\Middleware\\AddQueuedCookiesToResponse->handle()
#22 /home/azzirari-abdessamad/Project/Project_Laravel/laravel_with_abdessamad/crud/vendor/laravel/framework/src/Illuminate/Cookie/Middleware/EncryptCookies.php(74): Illuminate\\Pipeline\\Pipeline->Illuminate\\Pipeline\\{closure}()
#23 /home/azzirari-abdessamad/Project/Project_Laravel/laravel_with_abdessamad/crud/vendor/laravel/framework/src/Illuminate/Pipeline/Pipeline.php(219): Illuminate\\Cookie\\Middleware\\EncryptCookies->handle()
#24 /home/azzirari-abdessamad/Project/Project_Laravel/laravel_with_abdessamad/crud/vendor/laravel/framework/src/Illuminate/Pipeline/Pipeline.php(137): Illuminate\\Pipeline\\Pipeline->Illuminate\\Pipeline\\{closure}()
#25 /home/azzirari-abdessamad/Project/Project_Laravel/laravel_with_abdessamad/crud/vendor/laravel/framework/src/Illuminate/Routing/Router.php(821): Illuminate\\Pipeline\\Pipeline->then()
#26 /home/azzirari-abdessamad/Project/Project_Laravel/laravel_with_abdessamad/crud/vendor/laravel/framework/src/Illuminate/Routing/Router.php(800): Illuminate\\Routing\\Router->runRouteWithinStack()
#27 /home/azzirari-abdessamad/Project/Project_Laravel/laravel_with_abdessamad/crud/vendor/laravel/framework/src/Illuminate/Routing/Router.php(764): Illuminate\\Routing\\Router->runRoute()
#28 /home/azzirari-abdessamad/Project/Project_Laravel/laravel_with_abdessamad/crud/vendor/laravel/framework/src/Illuminate/Routing/Router.php(753): Illuminate\\Routing\\Router->dispatchToRoute()
#29 /home/azzirari-abdessamad/Project/Project_Laravel/laravel_with_abdessamad/crud/vendor/laravel/framework/src/Illuminate/Foundation/Http/Kernel.php(200): Illuminate\\Routing\\Router->dispatch()
#30 /home/azzirari-abdessamad/Project/Project_Laravel/laravel_with_abdessamad/crud/vendor/laravel/framework/src/Illuminate/Pipeline/Pipeline.php(180): Illuminate\\Foundation\\Http\\Kernel->Illuminate\\Foundation\\Http\\{closure}()
#31 /home/azzirari-abdessamad/Project/Project_Laravel/laravel_with_abdessamad/crud/vendor/laravel/framework/src/Illuminate/Foundation/Http/Middleware/TransformsRequest.php(21): Illuminate\\Pipeline\\Pipeline->Illuminate\\Pipeline\\{closure}()
#32 /home/azzirari-abdessamad/Project/Project_Laravel/laravel_with_abdessamad/crud/vendor/laravel/framework/src/Illuminate/Foundation/Http/Middleware/ConvertEmptyStringsToNull.php(31): Illuminate\\Foundation\\Http\\Middleware\\TransformsRequest->handle()
#33 /home/azzirari-abdessamad/Project/Project_Laravel/laravel_with_abdessamad/crud/vendor/laravel/framework/src/Illuminate/Pipeline/Pipeline.php(219): Illuminate\\Foundation\\Http\\Middleware\\ConvertEmptyStringsToNull->handle()
#34 /home/azzirari-abdessamad/Project/Project_Laravel/laravel_with_abdessamad/crud/vendor/laravel/framework/src/Illuminate/Foundation/Http/Middleware/TransformsRequest.php(21): Illuminate\\Pipeline\\Pipeline->Illuminate\\Pipeline\\{closure}()
#35 /home/azzirari-abdessamad/Project/Project_Laravel/laravel_with_abdessamad/crud/vendor/laravel/framework/src/Illuminate/Foundation/Http/Middleware/TrimStrings.php(51): Illuminate\\Foundation\\Http\\Middleware\\TransformsRequest->handle()
#36 /home/azzirari-abdessamad/Project/Project_Laravel/laravel_with_abdessamad/crud/vendor/laravel/framework/src/Illuminate/Pipeline/Pipeline.php(219): Illuminate\\Foundation\\Http\\Middleware\\TrimStrings->handle()
#37 /home/azzirari-abdessamad/Project/Project_Laravel/laravel_with_abdessamad/crud/vendor/laravel/framework/src/Illuminate/Http/Middleware/ValidatePostSize.php(27): Illuminate\\Pipeline\\Pipeline->Illuminate\\Pipeline\\{closure}()
#38 /home/azzirari-abdessamad/Project/Project_Laravel/laravel_with_abdessamad/crud/vendor/laravel/framework/src/Illuminate/Pipeline/Pipeline.php(219): Illuminate\\Http\\Middleware\\ValidatePostSize->handle()
#39 /home/azzirari-abdessamad/Project/Project_Laravel/laravel_with_abdessamad/crud/vendor/laravel/framework/src/Illuminate/Foundation/Http/Middleware/PreventRequestsDuringMaintenance.php(109): Illuminate\\Pipeline\\Pipeline->Illuminate\\Pipeline\\{closure}()
#40 /home/azzirari-abdessamad/Project/Project_Laravel/laravel_with_abdessamad/crud/vendor/laravel/framework/src/Illuminate/Pipeline/Pipeline.php(219): Illuminate\\Foundation\\Http\\Middleware\\PreventRequestsDuringMaintenance->handle()
#41 /home/azzirari-abdessamad/Project/Project_Laravel/laravel_with_abdessamad/crud/vendor/laravel/framework/src/Illuminate/Http/Middleware/HandleCors.php(61): Illuminate\\Pipeline\\Pipeline->Illuminate\\Pipeline\\{closure}()
#42 /home/azzirari-abdessamad/Project/Project_Laravel/laravel_with_abdessamad/crud/vendor/laravel/framework/src/Illuminate/Pipeline/Pipeline.php(219): Illuminate\\Http\\Middleware\\HandleCors->handle()
#43 /home/azzirari-abdessamad/Project/Project_Laravel/laravel_with_abdessamad/crud/vendor/laravel/framework/src/Illuminate/Http/Middleware/TrustProxies.php(58): Illuminate\\Pipeline\\Pipeline->Illuminate\\Pipeline\\{closure}()
#44 /home/azzirari-abdessamad/Project/Project_Laravel/laravel_with_abdessamad/crud/vendor/laravel/framework/src/Illuminate/Pipeline/Pipeline.php(219): Illuminate\\Http\\Middleware\\TrustProxies->handle()
#45 /home/azzirari-abdessamad/Project/Project_Laravel/laravel_with_abdessamad/crud/vendor/laravel/framework/src/Illuminate/Foundation/Http/Middleware/InvokeDeferredCallbacks.php(22): Illuminate\\Pipeline\\Pipeline->Illuminate\\Pipeline\\{closure}()
#46 /home/azzirari-abdessamad/Project/Project_Laravel/laravel_with_abdessamad/crud/vendor/laravel/framework/src/Illuminate/Pipeline/Pipeline.php(219): Illuminate\\Foundation\\Http\\Middleware\\InvokeDeferredCallbacks->handle()
#47 /home/azzirari-abdessamad/Project/Project_Laravel/laravel_with_abdessamad/crud/vendor/laravel/framework/src/Illuminate/Http/Middleware/ValidatePathEncoding.php(28): Illuminate\\Pipeline\\Pipeline->Illuminate\\Pipeline\\{closure}()
#48 /home/azzirari-abdessamad/Project/Project_Laravel/laravel_with_abdessamad/crud/vendor/laravel/framework/src/Illuminate/Pipeline/Pipeline.php(219): Illuminate\\Http\\Middleware\\ValidatePathEncoding->handle()
#49 /home/azzirari-abdessamad/Project/Project_Laravel/laravel_with_abdessamad/crud/vendor/laravel/framework/src/Illuminate/Pipeline/Pipeline.php(137): Illuminate\\Pipeline\\Pipeline->Illuminate\\Pipeline\\{closure}()
#50 /home/azzirari-abdessamad/Project/Project_Laravel/laravel_with_abdessamad/crud/vendor/laravel/framework/src/Illuminate/Foundation/Http/Kernel.php(175): Illuminate\\Pipeline\\Pipeline->then()
#51 /home/azzirari-abdessamad/Project/Project_Laravel/laravel_with_abdessamad/crud/vendor/laravel/framework/src/Illuminate/Foundation/Http/Kernel.php(144): Illuminate\\Foundation\\Http\\Kernel->sendRequestThroughRouter()
#52 /home/azzirari-abdessamad/Project/Project_Laravel/laravel_with_abdessamad/crud/vendor/laravel/framework/src/Illuminate/Foundation/Application.php(1220): Illuminate\\Foundation\\Http\\Kernel->handle()
#53 /home/azzirari-abdessamad/Project/Project_Laravel/laravel_with_abdessamad/crud/public/index.php(17): Illuminate\\Foundation\\Application->handleRequest()
#54 /home/azzirari-abdessamad/Project/Project_Laravel/laravel_with_abdessamad/crud/server.php(21): require_once('...')
#55 {main}

[previous exception] [object] (Illuminate\\Foundation\\ViteManifestNotFoundException(code: 0): Vite manifest not found at: /home/azzirari-abdessamad/Project/Project_Laravel/laravel_with_abdessamad/crud/public/build/manifest.json at /home/azzirari-abdessamad/Project/Project_Laravel/laravel_with_abdessamad/crud/vendor/laravel/framework/src/Illuminate/Foundation/Vite.php:946)
[stacktrace]
#0 /home/azzirari-abdessamad/Project/Project_Laravel/laravel_with_abdessamad/crud/vendor/laravel/framework/src/Illuminate/Foundation/Vite.php(384): Illuminate\\Foundation\\Vite->manifest()
#1 /home/azzirari-abdessamad/Project/Project_Laravel/laravel_with_abdessamad/crud/storage/framework/views/36ab29eb95934af39c987456ede087c9.php(8): Illuminate\\Foundation\\Vite->__invoke()
#2 /home/azzirari-abdessamad/Project/Project_Laravel/laravel_with_abdessamad/crud/vendor/laravel/framework/src/Illuminate/Filesystem/Filesystem.php(123): require('...')
#3 /home/azzirari-abdessamad/Project/Project_Laravel/laravel_with_abdessamad/crud/vendor/laravel/framework/src/Illuminate/Filesystem/Filesystem.php(124): Illuminate\\Filesystem\\Filesystem::Illuminate\\Filesystem\\{closure}()
#4 /home/azzirari-abdessamad/Project/Project_Laravel/laravel_with_abdessamad/crud/vendor/laravel/framework/src/Illuminate/View/Engines/PhpEngine.php(57): Illuminate\\Filesystem\\Filesystem->getRequire()
#5 /home/azzirari-abdessamad/Project/Project_Laravel/laravel_with_abdessamad/crud/vendor/laravel/framework/src/Illuminate/View/Engines/CompilerEngine.php(76): Illuminate\\View\\Engines\\PhpEngine->evaluatePath()
#6 /home/azzirari-abdessamad/Project/Project_Laravel/laravel_with_abdessamad/crud/vendor/laravel/framework/src/Illuminate/View/View.php(208): Illuminate\\View\\Engines\\CompilerEngine->get()
#7 /home/azzirari-abdessamad/Project/Project_Laravel/laravel_with_abdessamad/crud/vendor/laravel/framework/src/Illuminate/View/View.php(191): Illuminate\\View\\View->getContents()
#8 /home/azzirari-abdessamad/Project/Project_Laravel/laravel_with_abdessamad/crud/vendor/laravel/framework/src/Illuminate/View/View.php(160): Illuminate\\View\\View->renderContents()
#9 /home/azzirari-abdessamad/Project/Project_Laravel/laravel_with_abdessamad/crud/vendor/laravel/framework/src/Illuminate/Http/Response.php(78): Illuminate\\View\\View->render()
#10 /home/azzirari-abdessamad/Project/Project_Laravel/laravel_with_abdessamad/crud/vendor/laravel/framework/src/Illuminate/Http/Response.php(34): Illuminate\\Http\\Response->setContent()
#11 /home/azzirari-abdessamad/Project/Project_Laravel/laravel_with_abdessamad/crud/vendor/laravel/framework/src/Illuminate/Routing/Router.php(939): Illuminate\\Http\\Response->__construct()
#12 /home/azzirari-abdessamad/Project/Project_Laravel/laravel_with_abdessamad/crud/vendor/laravel/framework/src/Illuminate/Routing/Router.php(906): Illuminate\\Routing\\Router::toResponse()
#13 /home/azzirari-abdessamad/Project/Project_Laravel/laravel_with_abdessamad/crud/vendor/laravel/framework/src/Illuminate/Routing/Router.php(821): Illuminate\\Routing\\Router->prepareResponse()
#14 /home/azzirari-abdessamad/Project/Project_Laravel/laravel_with_abdessamad/crud/vendor/laravel/framework/src/Illuminate/Pipeline/Pipeline.php(180): Illuminate\\Routing\\Router->Illuminate\\Routing\\{closure}()
#15 /home/azzirari-abdessamad/Project/Project_Laravel/laravel_with_abdessamad/crud/vendor/laravel/framework/src/Illuminate/Routing/Middleware/SubstituteBindings.php(52): Illuminate\\Pipeline\\Pipeline->Illuminate\\Pipeline\\{closure}()
#16 /home/azzirari-abdessamad/Project/Project_Laravel/laravel_with_abdessamad/crud/vendor/laravel/framework/src/Illuminate/Pipeline/Pipeline.php(219): Illuminate\\Routing\\Middleware\\SubstituteBindings->handle()
#17 /home/azzirari-abdessamad/Project/Project_Laravel/laravel_with_abdessamad/crud/vendor/laravel/framework/src/Illuminate/Foundation/Http/Middleware/PreventRequestForgery.php(104): Illuminate\\Pipeline\\Pipeline->Illuminate\\Pipeline\\{closure}()
#18 /home/azzirari-abdessamad/Project/Project_Laravel/laravel_with_abdessamad/crud/vendor/laravel/framework/src/Illuminate/Pipeline/Pipeline.php(219): Illuminate\\Foundation\\Http\\Middleware\\PreventRequestForgery->handle()
#19 /home/azzirari-abdessamad/Project/Project_Laravel/laravel_with_abdessamad/crud/vendor/laravel/framework/src/Illuminate/View/Middleware/ShareErrorsFromSession.php(48): Illuminate\\Pipeline\\Pipeline->Illuminate\\Pipeline\\{closure}()
#20 /home/azzirari-abdessamad/Project/Project_Laravel/laravel_with_abdessamad/crud/vendor/laravel/framework/src/Illuminate/Pipeline/Pipeline.php(219): Illuminate\\View\\Middleware\\ShareErrorsFromSession->handle()
#21 /home/azzirari-abdessamad/Project/Project_Laravel/laravel_with_abdessamad/crud/vendor/laravel/framework/src/Illuminate/Session/Middleware/StartSession.php(120): Illuminate\\Pipeline\\Pipeline->Illuminate\\Pipeline\\{closure}()
#22 /home/azzirari-abdessamad/Project/Project_Laravel/laravel_with_abdessamad/crud/vendor/laravel/framework/src/Illuminate/Session/Middleware/StartSession.php(63): Illuminate\\Session\\Middleware\\StartSession->handleStatefulRequest()
#23 /home/azzirari-abdessamad/Project/Project_Laravel/laravel_with_abdessamad/crud/vendor/laravel/framework/src/Illuminate/Pipeline/Pipeline.php(219): Illuminate\\Session\\Middleware\\StartSession->handle()
#24 /home/azzirari-abdessamad/Project/Project_Laravel/laravel_with_abdessamad/crud/vendor/laravel/framework/src/Illuminate/Cookie/Middleware/AddQueuedCookiesToResponse.php(36): Illuminate\\Pipeline\\Pipeline->Illuminate\\Pipeline\\{closure}()
#25 /home/azzirari-abdessamad/Project/Project_Laravel/laravel_with_abdessamad/crud/vendor/laravel/framework/src/Illuminate/Pipeline/Pipeline.php(219): Illuminate\\Cookie\\Middleware\\AddQueuedCookiesToResponse->handle()
#26 /home/azzirari-abdessamad/Project/Project_Laravel/laravel_with_abdessamad/crud/vendor/laravel/framework/src/Illuminate/Cookie/Middleware/EncryptCookies.php(74): Illuminate\\Pipeline\\Pipeline->Illuminate\\Pipeline\\{closure}()
#27 /home/azzirari-abdessamad/Project/Project_Laravel/laravel_with_abdessamad/crud/vendor/laravel/framework/src/Illuminate/Pipeline/Pipeline.php(219): Illuminate\\Cookie\\Middleware\\EncryptCookies->handle()
#28 /home/azzirari-abdessamad/Project/Project_Laravel/laravel_with_abdessamad/crud/vendor/laravel/framework/src/Illuminate/Pipeline/Pipeline.php(137): Illuminate\\Pipeline\\Pipeline->Illuminate\\Pipeline\\{closure}()
#29 /home/azzirari-abdessamad/Project/Project_Laravel/laravel_with_abdessamad/crud/vendor/laravel/framework/src/Illuminate/Routing/Router.php(821): Illuminate\\Pipeline\\Pipeline->then()
#30 /home/azzirari-abdessamad/Project/Project_Laravel/laravel_with_abdessamad/crud/vendor/laravel/framework/src/Illuminate/Routing/Router.php(800): Illuminate\\Routing\\Router->runRouteWithinStack()
#31 /home/azzirari-abdessamad/Project/Project_Laravel/laravel_with_abdessamad/crud/vendor/laravel/framework/src/Illuminate/Routing/Router.php(764): Illuminate\\Routing\\Router->runRoute()
#32 /home/azzirari-abdessamad/Project/Project_Laravel/laravel_with_abdessamad/crud/vendor/laravel/framework/src/Illuminate/Routing/Router.php(753): Illuminate\\Routing\\Router->dispatchToRoute()
#33 /home/azzirari-abdessamad/Project/Project_Laravel/laravel_with_abdessamad/crud/vendor/laravel/framework/src/Illuminate/Foundation/Http/Kernel.php(200): Illuminate\\Routing\\Router->dispatch()
#34 /home/azzirari-abdessamad/Project/Project_Laravel/laravel_with_abdessamad/crud/vendor/laravel/framework/src/Illuminate/Pipeline/Pipeline.php(180): Illuminate\\Foundation\\Http\\Kernel->Illuminate\\Foundation\\Http\\{closure}()
#35 /home/azzirari-abdessamad/Project/Project_Laravel/laravel_with_abdessamad/crud/vendor/laravel/framework/src/Illuminate/Foundation/Http/Middleware/TransformsRequest.php(21): Illuminate\\Pipeline\\Pipeline->Illuminate\\Pipeline\\{closure}()
#36 /home/azzirari-abdessamad/Project/Project_Laravel/laravel_with_abdessamad/crud/vendor/laravel/framework/src/Illuminate/Foundation/Http/Middleware/ConvertEmptyStringsToNull.php(31): Illuminate\\Foundation\\Http\\Middleware\\TransformsRequest->handle()
#37 /home/azzirari-abdessamad/Project/Project_Laravel/laravel_with_abdessamad/crud/vendor/laravel/framework/src/Illuminate/Pipeline/Pipeline.php(219): Illuminate\\Foundation\\Http\\Middleware\\ConvertEmptyStringsToNull->handle()
#38 /home/azzirari-abdessamad/Project/Project_Laravel/laravel_with_abdessamad/crud/vendor/laravel/framework/src/Illuminate/Foundation/Http/Middleware/TransformsRequest.php(21): Illuminate\\Pipeline\\Pipeline->Illuminate\\Pipeline\\{closure}()
#39 /home/azzirari-abdessamad/Project/Project_Laravel/laravel_with_abdessamad/crud/vendor/laravel/framework/src/Illuminate/Foundation/Http/Middleware/TrimStrings.php(51): Illuminate\\Foundation\\Http\\Middleware\\TransformsRequest->handle()
#40 /home/azzirari-abdessamad/Project/Project_Laravel/laravel_with_abdessamad/crud/vendor/laravel/framework/src/Illuminate/Pipeline/Pipeline.php(219): Illuminate\\Foundation\\Http\\Middleware\\TrimStrings->handle()
#41 /home/azzirari-abdessamad/Project/Project_Laravel/laravel_with_abdessamad/crud/vendor/laravel/framework/src/Illuminate/Http/Middleware/ValidatePostSize.php(27): Illuminate\\Pipeline\\Pipeline->Illuminate\\Pipeline\\{closure}()
#42 /home/azzirari-abdessamad/Project/Project_Laravel/laravel_with_abdessamad/crud/vendor/laravel/framework/src/Illuminate/Pipeline/Pipeline.php(219): Illuminate\\Http\\Middleware\\ValidatePostSize->handle()
#43 /home/azzirari-abdessamad/Project/Project_Laravel/laravel_with_abdessamad/crud/vendor/laravel/framework/src/Illuminate/Foundation/Http/Middleware/PreventRequestsDuringMaintenance.php(109): Illuminate\\Pipeline\\Pipeline->Illuminate\\Pipeline\\{closure}()
#44 /home/azzirari-abdessamad/Project/Project_Laravel/laravel_with_abdessamad/crud/vendor/laravel/framework/src/Illuminate/Pipeline/Pipeline.php(219): Illuminate\\Foundation\\Http\\Middleware\\PreventRequestsDuringMaintenance->handle()
#45 /home/azzirari-abdessamad/Project/Project_Laravel/laravel_with_abdessamad/crud/vendor/laravel/framework/src/Illuminate/Http/Middleware/HandleCors.php(61): Illuminate\\Pipeline\\Pipeline->Illuminate\\Pipeline\\{closure}()
#46 /home/azzirari-abdessamad/Project/Project_Laravel/laravel_with_abdessamad/crud/vendor/laravel/framework/src/Illuminate/Pipeline/Pipeline.php(219): Illuminate\\Http\\Middleware\\HandleCors->handle()
#47 /home/azzirari-abdessamad/Project/Project_Laravel/laravel_with_abdessamad/crud/vendor/laravel/framework/src/Illuminate/Http/Middleware/TrustProxies.php(58): Illuminate\\Pipeline\\Pipeline->Illuminate\\Pipeline\\{closure}()
#48 /home/azzirari-abdessamad/Project/Project_Laravel/laravel_with_abdessamad/crud/vendor/laravel/framework/src/Illuminate/Pipeline/Pipeline.php(219): Illuminate\\Http\\Middleware\\TrustProxies->handle()
#49 /home/azzirari-abdessamad/Project/Project_Laravel/laravel_with_abdessamad/crud/vendor/laravel/framework/src/Illuminate/Foundation/Http/Middleware/InvokeDeferredCallbacks.php(22): Illuminate\\Pipeline\\Pipeline->Illuminate\\Pipeline\\{closure}()
#50 /home/azzirari-abdessamad/Project/Project_Laravel/laravel_with_abdessamad/crud/vendor/laravel/framework/src/Illuminate/Pipeline/Pipeline.php(219): Illuminate\\Foundation\\Http\\Middleware\\InvokeDeferredCallbacks->handle()
#51 /home/azzirari-abdessamad/Project/Project_Laravel/laravel_with_abdessamad/crud/vendor/laravel/framework/src/Illuminate/Http/Middleware/ValidatePathEncoding.php(28): Illuminate\\Pipeline\\Pipeline->Illuminate\\Pipeline\\{closure}()
#52 /home/azzirari-abdessamad/Project/Project_Laravel/laravel_with_abdessamad/crud/vendor/laravel/framework/src/Illuminate/Pipeline/Pipeline.php(219): Illuminate\\Http\\Middleware\\ValidatePathEncoding->handle()
#53 /home/azzirari-abdessamad/Project/Project_Laravel/laravel_with_abdessamad/crud/vendor/laravel/framework/src/Illuminate/Pipeline/Pipeline.php(137): Illuminate\\Pipeline\\Pipeline->Illuminate\\Pipeline\\{closure}()
#54 /home/azzirari-abdessamad/Project/Project_Laravel/laravel_with_abdessamad/crud/vendor/laravel/framework/src/Illuminate/Foundation/Http/Kernel.php(175): Illuminate\\Pipeline\\Pipeline->then()
#55 /home/azzirari-abdessamad/Project/Project_Laravel/laravel_with_abdessamad/crud/vendor/laravel/framework/src/Illuminate/Foundation/Http/Kernel.php(144): Illuminate\\Foundation\\Http\\Kernel->sendRequestThroughRouter()
#56 /home/azzirari-abdessamad/Project/Project_Laravel/laravel_with_abdessamad/crud/vendor/laravel/framework/src/Illuminate/Foundation/Application.php(1220): Illuminate\\Foundation\\Http\\Kernel->handle()
#57 /home/azzirari-abdessamad/Project/Project_Laravel/laravel_with_abdessamad/crud/public/index.php(17): Illuminate\\Foundation\\Application->handleRequest()
#58 /home/azzirari-abdessamad/Project/Project_Laravel/laravel_with_abdessamad/crud/server.php(21): require_once('...')
#59 {main}
"} 
[2026-04-09 15:45:20] local.ERROR: Vite manifest not found at: /home/azzirari-abdessamad/Project/Project_Laravel/laravel_with_abdessamad/crud/public/build/manifest.json (View: /home/azzirari-abdessamad/Project/Project_Laravel/laravel_with_abdessamad/crud/resources/views/layouts/master.blade.php) (View: /home/azzirari-abdessamad/Project/Project_Laravel/laravel_with_abdessamad/crud/resources/views/layouts/master.blade.php) {"exception":"[object] (Illuminate\\View\\ViewException(code: 0): Vite manifest not found at: /home/azzirari-abdessamad/Project/Project_Laravel/laravel_with_abdessamad/crud/public/build/manifest.json (View: /home/azzirari-abdessamad/Project/Project_Laravel/laravel_with_abdessamad/crud/resources/views/layouts/master.blade.php) (View: /home/azzirari-abdessamad/Project/Project_Laravel/laravel_with_abdessamad/crud/resources/views/layouts/master.blade.php) at /home/azzirari-abdessamad/Project/Project_Laravel/laravel_with_abdessamad/crud/vendor/laravel/framework/src/Illuminate/Foundation/Vite.php:946)
[stacktrace]
#0 /home/azzirari-abdessamad/Project/Project_Laravel/laravel_with_abdessamad/crud/vendor/laravel/framework/src/Illuminate/View/Engines/PhpEngine.php(59): Illuminate\\View\\Engines\\CompilerEngine->handleViewException()
#1 /home/azzirari-abdessamad/Project/Project_Laravel/laravel_with_abdessamad/crud/vendor/laravel/framework/src/Illuminate/View/Engines/CompilerEngine.php(76): Illuminate\\View\\Engines\\PhpEngine->evaluatePath()
#2 /home/azzirari-abdessamad/Project/Project_Laravel/laravel_with_abdessamad/crud/vendor/laravel/framework/src/Illuminate/View/View.php(208): Illuminate\\View\\Engines\\CompilerEngine->get()
#3 /home/azzirari-abdessamad/Project/Project_Laravel/laravel_with_abdessamad/crud/vendor/laravel/framework/src/Illuminate/View/View.php(191): Illuminate\\View\\View->getContents()
#4 /home/azzirari-abdessamad/Project/Project_Laravel/laravel_with_abdessamad/crud/vendor/laravel/framework/src/Illuminate/View/View.php(160): Illuminate\\View\\View->renderContents()
#5 /home/azzirari-abdessamad/Project/Project_Laravel/laravel_with_abdessamad/crud/vendor/laravel/framework/src/Illuminate/Http/Response.php(78): Illuminate\\View\\View->render()
#6 /home/azzirari-abdessamad/Project/Project_Laravel/laravel_with_abdessamad/crud/vendor/laravel/framework/src/Illuminate/Http/Response.php(34): Illuminate\\Http\\Response->setContent()
#7 /home/azzirari-abdessamad/Project/Project_Laravel/laravel_with_abdessamad/crud/vendor/laravel/framework/src/Illuminate/Routing/Router.php(939): Illuminate\\Http\\Response->__construct()
#8 /home/azzirari-abdessamad/Project/Project_Laravel/laravel_with_abdessamad/crud/vendor/laravel/framework/src/Illuminate/Routing/Router.php(906): Illuminate\\Routing\\Router::toResponse()
#9 /home/azzirari-abdessamad/Project/Project_Laravel/laravel_with_abdessamad/crud/vendor/laravel/framework/src/Illuminate/Routing/Router.php(821): Illuminate\\Routing\\Router->prepareResponse()
#10 /home/azzirari-abdessamad/Project/Project_Laravel/laravel_with_abdessamad/crud/vendor/laravel/framework/src/Illuminate/Pipeline/Pipeline.php(180): Illuminate\\Routing\\Router->Illuminate\\Routing\\{closure}()
#11 /home/azzirari-abdessamad/Project/Project_Laravel/laravel_with_abdessamad/crud/vendor/laravel/framework/src/Illuminate/Routing/Middleware/SubstituteBindings.php(52): Illuminate\\Pipeline\\Pipeline->Illuminate\\Pipeline\\{closure}()
#12 /home/azzirari-abdessamad/Project/Project_Laravel/laravel_with_abdessamad/crud/vendor/laravel/framework/src/Illuminate/Pipeline/Pipeline.php(219): Illuminate\\Routing\\Middleware\\SubstituteBindings->handle()
#13 /home/azzirari-abdessamad/Project/Project_Laravel/laravel_with_abdessamad/crud/vendor/laravel/framework/src/Illuminate/Foundation/Http/Middleware/PreventRequestForgery.php(104): Illuminate\\Pipeline\\Pipeline->Illuminate\\Pipeline\\{closure}()
#14 /home/azzirari-abdessamad/Project/Project_Laravel/laravel_with_abdessamad/crud/vendor/laravel/framework/src/Illuminate/Pipeline/Pipeline.php(219): Illuminate\\Foundation\\Http\\Middleware\\PreventRequestForgery->handle()
#15 /home/azzirari-abdessamad/Project/Project_Laravel/laravel_with_abdessamad/crud/vendor/laravel/framework/src/Illuminate/View/Middleware/ShareErrorsFromSession.php(48): Illuminate\\Pipeline\\Pipeline->Illuminate\\Pipeline\\{closure}()
#16 /home/azzirari-abdessamad/Project/Project_Laravel/laravel_with_abdessamad/crud/vendor/laravel/framework/src/Illuminate/Pipeline/Pipeline.php(219): Illuminate\\View\\Middleware\\ShareErrorsFromSession->handle()
#17 /home/azzirari-abdessamad/Project/Project_Laravel/laravel_with_abdessamad/crud/vendor/laravel/framework/src/Illuminate/Session/Middleware/StartSession.php(120): Illuminate\\Pipeline\\Pipeline->Illuminate\\Pipeline\\{closure}()
#18 /home/azzirari-abdessamad/Project/Project_Laravel/laravel_with_abdessamad/crud/vendor/laravel/framework/src/Illuminate/Session/Middleware/StartSession.php(63): Illuminate\\Session\\Middleware\\StartSession->handleStatefulRequest()
#19 /home/azzirari-abdessamad/Project/Project_Laravel/laravel_with_abdessamad/crud/vendor/laravel/framework/src/Illuminate/Pipeline/Pipeline.php(219): Illuminate\\Session\\Middleware\\StartSession->handle()
#20 /home/azzirari-abdessamad/Project/Project_Laravel/laravel_with_abdessamad/crud/vendor/laravel/framework/src/Illuminate/Cookie/Middleware/AddQueuedCookiesToResponse.php(36): Illuminate\\Pipeline\\Pipeline->Illuminate\\Pipeline\\{closure}()
#21 /home/azzirari-abdessamad/Project/Project_Laravel/laravel_with_abdessamad/crud/vendor/laravel/framework/src/Illuminate/Pipeline/Pipeline.php(219): Illuminate\\Cookie\\Middleware\\AddQueuedCookiesToResponse->handle()
#22 /home/azzirari-abdessamad/Project/Project_Laravel/laravel_with_abdessamad/crud/vendor/laravel/framework/src/Illuminate/Cookie/Middleware/EncryptCookies.php(74): Illuminate\\Pipeline\\Pipeline->Illuminate\\Pipeline\\{closure}()
#23 /home/azzirari-abdessamad/Project/Project_Laravel/laravel_with_abdessamad/crud/vendor/laravel/framework/src/Illuminate/Pipeline/Pipeline.php(219): Illuminate\\Cookie\\Middleware\\EncryptCookies->handle()
#24 /home/azzirari-abdessamad/Project/Project_Laravel/laravel_with_abdessamad/crud/vendor/laravel/framework/src/Illuminate/Pipeline/Pipeline.php(137): Illuminate\\Pipeline\\Pipeline->Illuminate\\Pipeline\\{closure}()
#25 /home/azzirari-abdessamad/Project/Project_Laravel/laravel_with_abdessamad/crud/vendor/laravel/framework/src/Illuminate/Routing/Router.php(821): Illuminate\\Pipeline\\Pipeline->then()
#26 /home/azzirari-abdessamad/Project/Project_Laravel/laravel_with_abdessamad/crud/vendor/laravel/framework/src/Illuminate/Routing/Router.php(800): Illuminate\\Routing\\Router->runRouteWithinStack()
#27 /home/azzirari-abdessamad/Project/Project_Laravel/laravel_with_abdessamad/crud/vendor/laravel/framework/src/Illuminate/Routing/Router.php(764): Illuminate\\Routing\\Router->runRoute()
#28 /home/azzirari-abdessamad/Project/Project_Laravel/laravel_with_abdessamad/crud/vendor/laravel/framework/src/Illuminate/Routing/Router.php(753): Illuminate\\Routing\\Router->dispatchToRoute()
#29 /home/azzirari-abdessamad/Project/Project_Laravel/laravel_with_abdessamad/crud/vendor/laravel/framework/src/Illuminate/Foundation/Http/Kernel.php(200): Illuminate\\Routing\\Router->dispatch()
#30 /home/azzirari-abdessamad/Project/Project_Laravel/laravel_with_abdessamad/crud/vendor/laravel/framework/src/Illuminate/Pipeline/Pipeline.php(180): Illuminate\\Foundation\\Http\\Kernel->Illuminate\\Foundation\\Http\\{closure}()
#31 /home/azzirari-abdessamad/Project/Project_Laravel/laravel_with_abdessamad/crud/vendor/laravel/framework/src/Illuminate/Foundation/Http/Middleware/TransformsRequest.php(21): Illuminate\\Pipeline\\Pipeline->Illuminate\\Pipeline\\{closure}()
#32 /home/azzirari-abdessamad/Project/Project_Laravel/laravel_with_abdessamad/crud/vendor/laravel/framework/src/Illuminate/Foundation/Http/Middleware/ConvertEmptyStringsToNull.php(31): Illuminate\\Foundation\\Http\\Middleware\\TransformsRequest->handle()
#33 /home/azzirari-abdessamad/Project/Project_Laravel/laravel_with_abdessamad/crud/vendor/laravel/framework/src/Illuminate/Pipeline/Pipeline.php(219): Illuminate\\Foundation\\Http\\Middleware\\ConvertEmptyStringsToNull->handle()
#34 /home/azzirari-abdessamad/Project/Project_Laravel/laravel_with_abdessamad/crud/vendor/laravel/framework/src/Illuminate/Foundation/Http/Middleware/TransformsRequest.php(21): Illuminate\\Pipeline\\Pipeline->Illuminate\\Pipeline\\{closure}()
#35 /home/azzirari-abdessamad/Project/Project_Laravel/laravel_with_abdessamad/crud/vendor/laravel/framework/src/Illuminate/Foundation/Http/Middleware/TrimStrings.php(51): Illuminate\\Foundation\\Http\\Middleware\\TransformsRequest->handle()
#36 /home/azzirari-abdessamad/Project/Project_Laravel/laravel_with_abdessamad/crud/vendor/laravel/framework/src/Illuminate/Pipeline/Pipeline.php(219): Illuminate\\Foundation\\Http\\Middleware\\TrimStrings->handle()
#37 /home/azzirari-abdessamad/Project/Project_Laravel/laravel_with_abdessamad/crud/vendor/laravel/framework/src/Illuminate/Http/Middleware/ValidatePostSize.php(27): Illuminate\\Pipeline\\Pipeline->Illuminate\\Pipeline\\{closure}()
#38 /home/azzirari-abdessamad/Project/Project_Laravel/laravel_with_abdessamad/crud/vendor/laravel/framework/src/Illuminate/Pipeline/Pipeline.php(219): Illuminate\\Http\\Middleware\\ValidatePostSize->handle()
#39 /home/azzirari-abdessamad/Project/Project_Laravel/laravel_with_abdessamad/crud/vendor/laravel/framework/src/Illuminate/Foundation/Http/Middleware/PreventRequestsDuringMaintenance.php(109): Illuminate\\Pipeline\\Pipeline->Illuminate\\Pipeline\\{closure}()
#40 /home/azzirari-abdessamad/Project/Project_Laravel/laravel_with_abdessamad/crud/vendor/laravel/framework/src/Illuminate/Pipeline/Pipeline.php(219): Illuminate\\Foundation\\Http\\Middleware\\PreventRequestsDuringMaintenance->handle()
#41 /home/azzirari-abdessamad/Project/Project_Laravel/laravel_with_abdessamad/crud/vendor/laravel/framework/src/Illuminate/Http/Middleware/HandleCors.php(61): Illuminate\\Pipeline\\Pipeline->Illuminate\\Pipeline\\{closure}()
#42 /home/azzirari-abdessamad/Project/Project_Laravel/laravel_with_abdessamad/crud/vendor/laravel/framework/src/Illuminate/Pipeline/Pipeline.php(219): Illuminate\\Http\\Middleware\\HandleCors->handle()
#43 /home/azzirari-abdessamad/Project/Project_Laravel/laravel_with_abdessamad/crud/vendor/laravel/framework/src/Illuminate/Http/Middleware/TrustProxies.php(58): Illuminate\\Pipeline\\Pipeline->Illuminate\\Pipeline\\{closure}()
#44 /home/azzirari-abdessamad/Project/Project_Laravel/laravel_with_abdessamad/crud/vendor/laravel/framework/src/Illuminate/Pipeline/Pipeline.php(219): Illuminate\\Http\\Middleware\\TrustProxies->handle()
#45 /home/azzirari-abdessamad/Project/Project_Laravel/laravel_with_abdessamad/crud/vendor/laravel/framework/src/Illuminate/Foundation/Http/Middleware/InvokeDeferredCallbacks.php(22): Illuminate\\Pipeline\\Pipeline->Illuminate\\Pipeline\\{closure}()
#46 /home/azzirari-abdessamad/Project/Project_Laravel/laravel_with_abdessamad/crud/vendor/laravel/framework/src/Illuminate/Pipeline/Pipeline.php(219): Illuminate\\Foundation\\Http\\Middleware\\InvokeDeferredCallbacks->handle()
#47 /home/azzirari-abdessamad/Project/Project_Laravel/laravel_with_abdessamad/crud/vendor/laravel/framework/src/Illuminate/Http/Middleware/ValidatePathEncoding.php(28): Illuminate\\Pipeline\\Pipeline->Illuminate\\Pipeline\\{closure}()
#48 /home/azzirari-abdessamad/Project/Project_Laravel/laravel_with_abdessamad/crud/vendor/laravel/framework/src/Illuminate/Pipeline/Pipeline.php(219): Illuminate\\Http\\Middleware\\ValidatePathEncoding->handle()
#49 /home/azzirari-abdessamad/Project/Project_Laravel/laravel_with_abdessamad/crud/vendor/laravel/framework/src/Illuminate/Pipeline/Pipeline.php(137): Illuminate\\Pipeline\\Pipeline->Illuminate\\Pipeline\\{closure}()
#50 /home/azzirari-abdessamad/Project/Project_Laravel/laravel_with_abdessamad/crud/vendor/laravel/framework/src/Illuminate/Foundation/Http/Kernel.php(175): Illuminate\\Pipeline\\Pipeline->then()
#51 /home/azzirari-abdessamad/Project/Project_Laravel/laravel_with_abdessamad/crud/vendor/laravel/framework/src/Illuminate/Foundation/Http/Kernel.php(144): Illuminate\\Foundation\\Http\\Kernel->sendRequestThroughRouter()
#52 /home/azzirari-abdessamad/Project/Project_Laravel/laravel_with_abdessamad/crud/vendor/laravel/framework/src/Illuminate/Foundation/Application.php(1220): Illuminate\\Foundation\\Http\\Kernel->handle()
#53 /home/azzirari-abdessamad/Project/Project_Laravel/laravel_with_abdessamad/crud/public/index.php(17): Illuminate\\Foundation\\Application->handleRequest()
#54 /home/azzirari-abdessamad/Project/Project_Laravel/laravel_with_abdessamad/crud/server.php(21): require_once('...')
#55 {main}

[previous exception] [object] (Illuminate\\View\\ViewException(code: 0): Vite manifest not found at: /home/azzirari-abdessamad/Project/Project_Laravel/laravel_with_abdessamad/crud/public/build/manifest.json (View: /home/azzirari-abdessamad/Project/Project_Laravel/laravel_with_abdessamad/crud/resources/views/layouts/master.blade.php) at /home/azzirari-abdessamad/Project/Project_Laravel/laravel_with_abdessamad/crud/vendor/laravel/framework/src/Illuminate/Foundation/Vite.php:946)
[stacktrace]
#0 /home/azzirari-abdessamad/Project/Project_Laravel/laravel_with_abdessamad/crud/vendor/laravel/framework/src/Illuminate/View/Engines/PhpEngine.php(59): Illuminate\\View\\Engines\\CompilerEngine->handleViewException()
#1 /home/azzirari-abdessamad/Project/Project_Laravel/laravel_with_abdessamad/crud/vendor/laravel/framework/src/Illuminate/View/Engines/CompilerEngine.php(76): Illuminate\\View\\Engines\\PhpEngine->evaluatePath()
#2 /home/azzirari-abdessamad/Project/Project_Laravel/laravel_with_abdessamad/crud/vendor/laravel/framework/src/Illuminate/View/View.php(208): Illuminate\\View\\Engines\\CompilerEngine->get()
#3 /home/azzirari-abdessamad/Project/Project_Laravel/laravel_with_abdessamad/crud/vendor/laravel/framework/src/Illuminate/View/View.php(191): Illuminate\\View\\View->getContents()
#4 /home/azzirari-abdessamad/Project/Project_Laravel/laravel_with_abdessamad/crud/vendor/laravel/framework/src/Illuminate/View/View.php(160): Illuminate\\View\\View->renderContents()
#5 /home/azzirari-abdessamad/Project/Project_Laravel/laravel_with_abdessamad/crud/storage/framework/views/acd1be23aa3734a6c564e80eebc2eb14.php(175): Illuminate\\View\\View->render()
#6 /home/azzirari-abdessamad/Project/Project_Laravel/laravel_with_abdessamad/crud/vendor/laravel/framework/src/Illuminate/Filesystem/Filesystem.php(123): require('...')
#7 /home/azzirari-abdessamad/Project/Project_Laravel/laravel_with_abdessamad/crud/vendor/laravel/framework/src/Illuminate/Filesystem/Filesystem.php(124): Illuminate\\Filesystem\\Filesystem::Illuminate\\Filesystem\\{closure}()
#8 /home/azzirari-abdessamad/Project/Project_Laravel/laravel_with_abdessamad/crud/vendor/laravel/framework/src/Illuminate/View/Engines/PhpEngine.php(57): Illuminate\\Filesystem\\Filesystem->getRequire()
#9 /home/azzirari-abdessamad/Project/Project_Laravel/laravel_with_abdessamad/crud/vendor/laravel/framework/src/Illuminate/View/Engines/CompilerEngine.php(76): Illuminate\\View\\Engines\\PhpEngine->evaluatePath()
#10 /home/azzirari-abdessamad/Project/Project_Laravel/laravel_with_abdessamad/crud/vendor/laravel/framework/src/Illuminate/View/View.php(208): Illuminate\\View\\Engines\\CompilerEngine->get()
#11 /home/azzirari-abdessamad/Project/Project_Laravel/laravel_with_abdessamad/crud/vendor/laravel/framework/src/Illuminate/View/View.php(191): Illuminate\\View\\View->getContents()
#12 /home/azzirari-abdessamad/Project/Project_Laravel/laravel_with_abdessamad/crud/vendor/laravel/framework/src/Illuminate/View/View.php(160): Illuminate\\View\\View->renderContents()
#13 /home/azzirari-abdessamad/Project/Project_Laravel/laravel_with_abdessamad/crud/vendor/laravel/framework/src/Illuminate/Http/Response.php(78): Illuminate\\View\\View->render()
#14 /home/azzirari-abdessamad/Project/Project_Laravel/laravel_with_abdessamad/crud/vendor/laravel/framework/src/Illuminate/Http/Response.php(34): Illuminate\\Http\\Response->setContent()
#15 /home/azzirari-abdessamad/Project/Project_Laravel/laravel_with_abdessamad/crud/vendor/laravel/framework/src/Illuminate/Routing/Router.php(939): Illuminate\\Http\\Response->__construct()
#16 /home/azzirari-abdessamad/Project/Project_Laravel/laravel_with_abdessamad/crud/vendor/laravel/framework/src/Illuminate/Routing/Router.php(906): Illuminate\\Routing\\Router::toResponse()
#17 /home/azzirari-abdessamad/Project/Project_Laravel/laravel_with_abdessamad/crud/vendor/laravel/framework/src/Illuminate/Routing/Router.php(821): Illuminate\\Routing\\Router->prepareResponse()
#18 /home/azzirari-abdessamad/Project/Project_Laravel/laravel_with_abdessamad/crud/vendor/laravel/framework/src/Illuminate/Pipeline/Pipeline.php(180): Illuminate\\Routing\\Router->Illuminate\\Routing\\{closure}()
#19 /home/azzirari-abdessamad/Project/Project_Laravel/laravel_with_abdessamad/crud/vendor/laravel/framework/src/Illuminate/Routing/Middleware/SubstituteBindings.php(52): Illuminate\\Pipeline\\Pipeline->Illuminate\\Pipeline\\{closure}()
#20 /home/azzirari-abdessamad/Project/Project_Laravel/laravel_with_abdessamad/crud/vendor/laravel/framework/src/Illuminate/Pipeline/Pipeline.php(219): Illuminate\\Routing\\Middleware\\SubstituteBindings->handle()
#21 /home/azzirari-abdessamad/Project/Project_Laravel/laravel_with_abdessamad/crud/vendor/laravel/framework/src/Illuminate/Foundation/Http/Middleware/PreventRequestForgery.php(104): Illuminate\\Pipeline\\Pipeline->Illuminate\\Pipeline\\{closure}()
#22 /home/azzirari-abdessamad/Project/Project_Laravel/laravel_with_abdessamad/crud/vendor/laravel/framework/src/Illuminate/Pipeline/Pipeline.php(219): Illuminate\\Foundation\\Http\\Middleware\\PreventRequestForgery->handle()
#23 /home/azzirari-abdessamad/Project/Project_Laravel/laravel_with_abdessamad/crud/vendor/laravel/framework/src/Illuminate/View/Middleware/ShareErrorsFromSession.php(48): Illuminate\\Pipeline\\Pipeline->Illuminate\\Pipeline\\{closure}()
#24 /home/azzirari-abdessamad/Project/Project_Laravel/laravel_with_abdessamad/crud/vendor/laravel/framework/src/Illuminate/Pipeline/Pipeline.php(219): Illuminate\\View\\Middleware\\ShareErrorsFromSession->handle()
#25 /home/azzirari-abdessamad/Project/Project_Laravel/laravel_with_abdessamad/crud/vendor/laravel/framework/src/Illuminate/Session/Middleware/StartSession.php(120): Illuminate\\Pipeline\\Pipeline->Illuminate\\Pipeline\\{closure}()
#26 /home/azzirari-abdessamad/Project/Project_Laravel/laravel_with_abdessamad/crud/vendor/laravel/framework/src/Illuminate/Session/Middleware/StartSession.php(63): Illuminate\\Session\\Middleware\\StartSession->handleStatefulRequest()
#27 /home/azzirari-abdessamad/Project/Project_Laravel/laravel_with_abdessamad/crud/vendor/laravel/framework/src/Illuminate/Pipeline/Pipeline.php(219): Illuminate\\Session\\Middleware\\StartSession->handle()
#28 /home/azzirari-abdessamad/Project/Project_Laravel/laravel_with_abdessamad/crud/vendor/laravel/framework/src/Illuminate/Cookie/Middleware/AddQueuedCookiesToResponse.php(36): Illuminate\\Pipeline\\Pipeline->Illuminate\\Pipeline\\{closure}()
#29 /home/azzirari-abdessamad/Project/Project_Laravel/laravel_with_abdessamad/crud/vendor/laravel/framework/src/Illuminate/Pipeline/Pipeline.php(219): Illuminate\\Cookie\\Middleware\\AddQueuedCookiesToResponse->handle()
#30 /home/azzirari-abdessamad/Project/Project_Laravel/laravel_with_abdessamad/crud/vendor/laravel/framework/src/Illuminate/Cookie/Middleware/EncryptCookies.php(74): Illuminate\\Pipeline\\Pipeline->Illuminate\\Pipeline\\{closure}()
#31 /home/azzirari-abdessamad/Project/Project_Laravel/laravel_with_abdessamad/crud/vendor/laravel/framework/src/Illuminate/Pipeline/Pipeline.php(219): Illuminate\\Cookie\\Middleware\\EncryptCookies->handle()
#32 /home/azzirari-abdessamad/Project/Project_Laravel/laravel_with_abdessamad/crud/vendor/laravel/framework/src/Illuminate/Pipeline/Pipeline.php(137): Illuminate\\Pipeline\\Pipeline->Illuminate\\Pipeline\\{closure}()
#33 /home/azzirari-abdessamad/Project/Project_Laravel/laravel_with_abdessamad/crud/vendor/laravel/framework/src/Illuminate/Routing/Router.php(821): Illuminate\\Pipeline\\Pipeline->then()
#34 /home/azzirari-abdessamad/Project/Project_Laravel/laravel_with_abdessamad/crud/vendor/laravel/framework/src/Illuminate/Routing/Router.php(800): Illuminate\\Routing\\Router->runRouteWithinStack()
#35 /home/azzirari-abdessamad/Project/Project_Laravel/laravel_with_abdessamad/crud/vendor/laravel/framework/src/Illuminate/Routing/Router.php(764): Illuminate\\Routing\\Router->runRoute()
#36 /home/azzirari-abdessamad/Project/Project_Laravel/laravel_with_abdessamad/crud/vendor/laravel/framework/src/Illuminate/Routing/Router.php(753): Illuminate\\Routing\\Router->dispatchToRoute()
#37 /home/azzirari-abdessamad/Project/Project_Laravel/laravel_with_abdessamad/crud/vendor/laravel/framework/src/Illuminate/Foundation/Http/Kernel.php(200): Illuminate\\Routing\\Router->dispatch()
#38 /home/azzirari-abdessamad/Project/Project_Laravel/laravel_with_abdessamad/crud/vendor/laravel/framework/src/Illuminate/Pipeline/Pipeline.php(180): Illuminate\\Foundation\\Http\\Kernel->Illuminate\\Foundation\\Http\\{closure}()
#39 /home/azzirari-abdessamad/Project/Project_Laravel/laravel_with_abdessamad/crud/vendor/laravel/framework/src/Illuminate/Foundation/Http/Middleware/TransformsRequest.php(21): Illuminate\\Pipeline\\Pipeline->Illuminate\\Pipeline\\{closure}()
#40 /home/azzirari-abdessamad/Project/Project_Laravel/laravel_with_abdessamad/crud/vendor/laravel/framework/src/Illuminate/Foundation/Http/Middleware/ConvertEmptyStringsToNull.php(31): Illuminate\\Foundation\\Http\\Middleware\\TransformsRequest->handle()
#41 /home/azzirari-abdessamad/Project/Project_Laravel/laravel_with_abdessamad/crud/vendor/laravel/framework/src/Illuminate/Pipeline/Pipeline.php(219): Illuminate\\Foundation\\Http\\Middleware\\ConvertEmptyStringsToNull->handle()
#42 /home/azzirari-abdessamad/Project/Project_Laravel/laravel_with_abdessamad/crud/vendor/laravel/framework/src/Illuminate/Foundation/Http/Middleware/TransformsRequest.php(21): Illuminate\\Pipeline\\Pipeline->Illuminate\\Pipeline\\{closure}()
#43 /home/azzirari-abdessamad/Project/Project_Laravel/laravel_with_abdessamad/crud/vendor/laravel/framework/src/Illuminate/Foundation/Http/Middleware/TrimStrings.php(51): Illuminate\\Foundation\\Http\\Middleware\\TransformsRequest->handle()
#44 /home/azzirari-abdessamad/Project/Project_Laravel/laravel_with_abdessamad/crud/vendor/laravel/framework/src/Illuminate/Pipeline/Pipeline.php(219): Illuminate\\Foundation\\Http\\Middleware\\TrimStrings->handle()
#45 /home/azzirari-abdessamad/Project/Project_Laravel/laravel_with_abdessamad/crud/vendor/laravel/framework/src/Illuminate/Http/Middleware/ValidatePostSize.php(27): Illuminate\\Pipeline\\Pipeline->Illuminate\\Pipeline\\{closure}()
#46 /home/azzirari-abdessamad/Project/Project_Laravel/laravel_with_abdessamad/crud/vendor/laravel/framework/src/Illuminate/Pipeline/Pipeline.php(219): Illuminate\\Http\\Middleware\\ValidatePostSize->handle()
#47 /home/azzirari-abdessamad/Project/Project_Laravel/laravel_with_abdessamad/crud/vendor/laravel/framework/src/Illuminate/Foundation/Http/Middleware/PreventRequestsDuringMaintenance.php(109): Illuminate\\Pipeline\\Pipeline->Illuminate\\Pipeline\\{closure}()
#48 /home/azzirari-abdessamad/Project/Project_Laravel/laravel_with_abdessamad/crud/vendor/laravel/framework/src/Illuminate/Pipeline/Pipeline.php(219): Illuminate\\Foundation\\Http\\Middleware\\PreventRequestsDuringMaintenance->handle()
#49 /home/azzirari-abdessamad/Project/Project_Laravel/laravel_with_abdessamad/crud/vendor/laravel/framework/src/Illuminate/Http/Middleware/HandleCors.php(61): Illuminate\\Pipeline\\Pipeline->Illuminate\\Pipeline\\{closure}()
#50 /home/azzirari-abdessamad/Project/Project_Laravel/laravel_with_abdessamad/crud/vendor/laravel/framework/src/Illuminate/Pipeline/Pipeline.php(219): Illuminate\\Http\\Middleware\\HandleCors->handle()
#51 /home/azzirari-abdessamad/Project/Project_Laravel/laravel_with_abdessamad/crud/vendor/laravel/framework/src/Illuminate/Http/Middleware/TrustProxies.php(58): Illuminate\\Pipeline\\Pipeline->Illuminate\\Pipeline\\{closure}()
#52 /home/azzirari-abdessamad/Project/Project_Laravel/laravel_with_abdessamad/crud/vendor/laravel/framework/src/Illuminate/Pipeline/Pipeline.php(219): Illuminate\\Http\\Middleware\\TrustProxies->handle()
#53 /home/azzirari-abdessamad/Project/Project_Laravel/laravel_with_abdessamad/crud/vendor/laravel/framework/src/Illuminate/Foundation/Http/Middleware/InvokeDeferredCallbacks.php(22): Illuminate\\Pipeline\\Pipeline->Illuminate\\Pipeline\\{closure}()
#54 /home/azzirari-abdessamad/Project/Project_Laravel/laravel_with_abdessamad/crud/vendor/laravel/framework/src/Illuminate/Pipeline/Pipeline.php(219): Illuminate\\Foundation\\Http\\Middleware\\InvokeDeferredCallbacks->handle()
#55 /home/azzirari-abdessamad/Project/Project_Laravel/laravel_with_abdessamad/crud/vendor/laravel/framework/src/Illuminate/Http/Middleware/ValidatePathEncoding.php(28): Illuminate\\Pipeline\\Pipeline->Illuminate\\Pipeline\\{closure}()
#56 /home/azzirari-abdessamad/Project/Project_Laravel/laravel_with_abdessamad/crud/vendor/laravel/framework/src/Illuminate/Pipeline/Pipeline.php(219): Illuminate\\Http\\Middleware\\ValidatePathEncoding->handle()
#57 /home/azzirari-abdessamad/Project/Project_Laravel/laravel_with_abdessamad/crud/vendor/laravel/framework/src/Illuminate/Pipeline/Pipeline.php(137): Illuminate\\Pipeline\\Pipeline->Illuminate\\Pipeline\\{closure}()
#58 /home/azzirari-abdessamad/Project/Project_Laravel/laravel_with_abdessamad/crud/vendor/laravel/framework/src/Illuminate/Foundation/Http/Kernel.php(175): Illuminate\\Pipeline\\Pipeline->then()
#59 /home/azzirari-abdessamad/Project/Project_Laravel/laravel_with_abdessamad/crud/vendor/laravel/framework/src/Illuminate/Foundation/Http/Kernel.php(144): Illuminate\\Foundation\\Http\\Kernel->sendRequestThroughRouter()
#60 /home/azzirari-abdessamad/Project/Project_Laravel/laravel_with_abdessamad/crud/vendor/laravel/framework/src/Illuminate/Foundation/Application.php(1220): Illuminate\\Foundation\\Http\\Kernel->handle()
#61 /home/azzirari-abdessamad/Project/Project_Laravel/laravel_with_abdessamad/crud/public/index.php(17): Illuminate\\Foundation\\Application->handleRequest()
#62 /home/azzirari-abdessamad/Project/Project_Laravel/laravel_with_abdessamad/crud/server.php(21): require_once('...')
#63 {main}

[previous exception] [object] (Illuminate\\Foundation\\ViteManifestNotFoundException(code: 0): Vite manifest not found at: /home/azzirari-abdessamad/Project/Project_Laravel/laravel_with_abdessamad/crud/public/build/manifest.json at /home/azzirari-abdessamad/Project/Project_Laravel/laravel_with_abdessamad/crud/vendor/laravel/framework/src/Illuminate/Foundation/Vite.php:946)
[stacktrace]
#0 /home/azzirari-abdessamad/Project/Project_Laravel/laravel_with_abdessamad/crud/vendor/laravel/framework/src/Illuminate/Foundation/Vite.php(384): Illuminate\\Foundation\\Vite->manifest()
#1 /home/azzirari-abdessamad/Project/Project_Laravel/laravel_with_abdessamad/crud/storage/framework/views/b5183860bfd9c1eb755cbcfaa9713370.php(13): Illuminate\\Foundation\\Vite->__invoke()
#2 /home/azzirari-abdessamad/Project/Project_Laravel/laravel_with_abdessamad/crud/vendor/laravel/framework/src/Illuminate/Filesystem/Filesystem.php(123): require('...')
#3 /home/azzirari-abdessamad/Project/Project_Laravel/laravel_with_abdessamad/crud/vendor/laravel/framework/src/Illuminate/Filesystem/Filesystem.php(124): Illuminate\\Filesystem\\Filesystem::Illuminate\\Filesystem\\{closure}()
#4 /home/azzirari-abdessamad/Project/Project_Laravel/laravel_with_abdessamad/crud/vendor/laravel/framework/src/Illuminate/View/Engines/PhpEngine.php(57): Illuminate\\Filesystem\\Filesystem->getRequire()
#5 /home/azzirari-abdessamad/Project/Project_Laravel/laravel_with_abdessamad/crud/vendor/laravel/framework/src/Illuminate/View/Engines/CompilerEngine.php(76): Illuminate\\View\\Engines\\PhpEngine->evaluatePath()
#6 /home/azzirari-abdessamad/Project/Project_Laravel/laravel_with_abdessamad/crud/vendor/laravel/framework/src/Illuminate/View/View.php(208): Illuminate\\View\\Engines\\CompilerEngine->get()
#7 /home/azzirari-abdessamad/Project/Project_Laravel/laravel_with_abdessamad/crud/vendor/laravel/framework/src/Illuminate/View/View.php(191): Illuminate\\View\\View->getContents()
#8 /home/azzirari-abdessamad/Project/Project_Laravel/laravel_with_abdessamad/crud/vendor/laravel/framework/src/Illuminate/View/View.php(160): Illuminate\\View\\View->renderContents()
#9 /home/azzirari-abdessamad/Project/Project_Laravel/laravel_with_abdessamad/crud/storage/framework/views/acd1be23aa3734a6c564e80eebc2eb14.php(175): Illuminate\\View\\View->render()
#10 /home/azzirari-abdessamad/Project/Project_Laravel/laravel_with_abdessamad/crud/vendor/laravel/framework/src/Illuminate/Filesystem/Filesystem.php(123): require('...')
#11 /home/azzirari-abdessamad/Project/Project_Laravel/laravel_with_abdessamad/crud/vendor/laravel/framework/src/Illuminate/Filesystem/Filesystem.php(124): Illuminate\\Filesystem\\Filesystem::Illuminate\\Filesystem\\{closure}()
#12 /home/azzirari-abdessamad/Project/Project_Laravel/laravel_with_abdessamad/crud/vendor/laravel/framework/src/Illuminate/View/Engines/PhpEngine.php(57): Illuminate\\Filesystem\\Filesystem->getRequire()
#13 /home/azzirari-abdessamad/Project/Project_Laravel/laravel_with_abdessamad/crud/vendor/laravel/framework/src/Illuminate/View/Engines/CompilerEngine.php(76): Illuminate\\View\\Engines\\PhpEngine->evaluatePath()
#14 /home/azzirari-abdessamad/Project/Project_Laravel/laravel_with_abdessamad/crud/vendor/laravel/framework/src/Illuminate/View/View.php(208): Illuminate\\View\\Engines\\CompilerEngine->get()
#15 /home/azzirari-abdessamad/Project/Project_Laravel/laravel_with_abdessamad/crud/vendor/laravel/framework/src/Illuminate/View/View.php(191): Illuminate\\View\\View->getContents()
#16 /home/azzirari-abdessamad/Project/Project_Laravel/laravel_with_abdessamad/crud/vendor/laravel/framework/src/Illuminate/View/View.php(160): Illuminate\\View\\View->renderContents()
#17 /home/azzirari-abdessamad/Project/Project_Laravel/laravel_with_abdessamad/crud/vendor/laravel/framework/src/Illuminate/Http/Response.php(78): Illuminate\\View\\View->render()
#18 /home/azzirari-abdessamad/Project/Project_Laravel/laravel_with_abdessamad/crud/vendor/laravel/framework/src/Illuminate/Http/Response.php(34): Illuminate\\Http\\Response->setContent()
#19 /home/azzirari-abdessamad/Project/Project_Laravel/laravel_with_abdessamad/crud/vendor/laravel/framework/src/Illuminate/Routing/Router.php(939): Illuminate\\Http\\Response->__construct()
#20 /home/azzirari-abdessamad/Project/Project_Laravel/laravel_with_abdessamad/crud/vendor/laravel/framework/src/Illuminate/Routing/Router.php(906): Illuminate\\Routing\\Router::toResponse()
#21 /home/azzirari-abdessamad/Project/Project_Laravel/laravel_with_abdessamad/crud/vendor/laravel/framework/src/Illuminate/Routing/Router.php(821): Illuminate\\Routing\\Router->prepareResponse()
#22 /home/azzirari-abdessamad/Project/Project_Laravel/laravel_with_abdessamad/crud/vendor/laravel/framework/src/Illuminate/Pipeline/Pipeline.php(180): Illuminate\\Routing\\Router->Illuminate\\Routing\\{closure}()
#23 /home/azzirari-abdessamad/Project/Project_Laravel/laravel_with_abdessamad/crud/vendor/laravel/framework/src/Illuminate/Routing/Middleware/SubstituteBindings.php(52): Illuminate\\Pipeline\\Pipeline->Illuminate\\Pipeline\\{closure}()
#24 /home/azzirari-abdessamad/Project/Project_Laravel/laravel_with_abdessamad/crud/vendor/laravel/framework/src/Illuminate/Pipeline/Pipeline.php(219): Illuminate\\Routing\\Middleware\\SubstituteBindings->handle()
#25 /home/azzirari-abdessamad/Project/Project_Laravel/laravel_with_abdessamad/crud/vendor/laravel/framework/src/Illuminate/Foundation/Http/Middleware/PreventRequestForgery.php(104): Illuminate\\Pipeline\\Pipeline->Illuminate\\Pipeline\\{closure}()
#26 /home/azzirari-abdessamad/Project/Project_Laravel/laravel_with_abdessamad/crud/vendor/laravel/framework/src/Illuminate/Pipeline/Pipeline.php(219): Illuminate\\Foundation\\Http\\Middleware\\PreventRequestForgery->handle()
#27 /home/azzirari-abdessamad/Project/Project_Laravel/laravel_with_abdessamad/crud/vendor/laravel/framework/src/Illuminate/View/Middleware/ShareErrorsFromSession.php(48): Illuminate\\Pipeline\\Pipeline->Illuminate\\Pipeline\\{closure}()
#28 /home/azzirari-abdessamad/Project/Project_Laravel/laravel_with_abdessamad/crud/vendor/laravel/framework/src/Illuminate/Pipeline/Pipeline.php(219): Illuminate\\View\\Middleware\\ShareErrorsFromSession->handle()
#29 /home/azzirari-abdessamad/Project/Project_Laravel/laravel_with_abdessamad/crud/vendor/laravel/framework/src/Illuminate/Session/Middleware/StartSession.php(120): Illuminate\\Pipeline\\Pipeline->Illuminate\\Pipeline\\{closure}()
#30 /home/azzirari-abdessamad/Project/Project_Laravel/laravel_with_abdessamad/crud/vendor/laravel/framework/src/Illuminate/Session/Middleware/StartSession.php(63): Illuminate\\Session\\Middleware\\StartSession->handleStatefulRequest()
#31 /home/azzirari-abdessamad/Project/Project_Laravel/laravel_with_abdessamad/crud/vendor/laravel/framework/src/Illuminate/Pipeline/Pipeline.php(219): Illuminate\\Session\\Middleware\\StartSession->handle()
#32 /home/azzirari-abdessamad/Project/Project_Laravel/laravel_with_abdessamad/crud/vendor/laravel/framework/src/Illuminate/Cookie/Middleware/AddQueuedCookiesToResponse.php(36): Illuminate\\Pipeline\\Pipeline->Illuminate\\Pipeline\\{closure}()
#33 /home/azzirari-abdessamad/Project/Project_Laravel/laravel_with_abdessamad/crud/vendor/laravel/framework/src/Illuminate/Pipeline/Pipeline.php(219): Illuminate\\Cookie\\Middleware\\AddQueuedCookiesToResponse->handle()
#34 /home/azzirari-abdessamad/Project/Project_Laravel/laravel_with_abdessamad/crud/vendor/laravel/framework/src/Illuminate/Cookie/Middleware/EncryptCookies.php(74): Illuminate\\Pipeline\\Pipeline->Illuminate\\Pipeline\\{closure}()
#35 /home/azzirari-abdessamad/Project/Project_Laravel/laravel_with_abdessamad/crud/vendor/laravel/framework/src/Illuminate/Pipeline/Pipeline.php(219): Illuminate\\Cookie\\Middleware\\EncryptCookies->handle()
#36 /home/azzirari-abdessamad/Project/Project_Laravel/laravel_with_abdessamad/crud/vendor/laravel/framework/src/Illuminate/Pipeline/Pipeline.php(137): Illuminate\\Pipeline\\Pipeline->Illuminate\\Pipeline\\{closure}()
#37 /home/azzirari-abdessamad/Project/Project_Laravel/laravel_with_abdessamad/crud/vendor/laravel/framework/src/Illuminate/Routing/Router.php(821): Illuminate\\Pipeline\\Pipeline->then()
#38 /home/azzirari-abdessamad/Project/Project_Laravel/laravel_with_abdessamad/crud/vendor/laravel/framework/src/Illuminate/Routing/Router.php(800): Illuminate\\Routing\\Router->runRouteWithinStack()
#39 /home/azzirari-abdessamad/Project/Project_Laravel/laravel_with_abdessamad/crud/vendor/laravel/framework/src/Illuminate/Routing/Router.php(764): Illuminate\\Routing\\Router->runRoute()
#40 /home/azzirari-abdessamad/Project/Project_Laravel/laravel_with_abdessamad/crud/vendor/laravel/framework/src/Illuminate/Routing/Router.php(753): Illuminate\\Routing\\Router->dispatchToRoute()
#41 /home/azzirari-abdessamad/Project/Project_Laravel/laravel_with_abdessamad/crud/vendor/laravel/framework/src/Illuminate/Foundation/Http/Kernel.php(200): Illuminate\\Routing\\Router->dispatch()
#42 /home/azzirari-abdessamad/Project/Project_Laravel/laravel_with_abdessamad/crud/vendor/laravel/framework/src/Illuminate/Pipeline/Pipeline.php(180): Illuminate\\Foundation\\Http\\Kernel->Illuminate\\Foundation\\Http\\{closure}()
#43 /home/azzirari-abdessamad/Project/Project_Laravel/laravel_with_abdessamad/crud/vendor/laravel/framework/src/Illuminate/Foundation/Http/Middleware/TransformsRequest.php(21): Illuminate\\Pipeline\\Pipeline->Illuminate\\Pipeline\\{closure}()
#44 /home/azzirari-abdessamad/Project/Project_Laravel/laravel_with_abdessamad/crud/vendor/laravel/framework/src/Illuminate/Foundation/Http/Middleware/ConvertEmptyStringsToNull.php(31): Illuminate\\Foundation\\Http\\Middleware\\TransformsRequest->handle()
#45 /home/azzirari-abdessamad/Project/Project_Laravel/laravel_with_abdessamad/crud/vendor/laravel/framework/src/Illuminate/Pipeline/Pipeline.php(219): Illuminate\\Foundation\\Http\\Middleware\\ConvertEmptyStringsToNull->handle()
#46 /home/azzirari-abdessamad/Project/Project_Laravel/laravel_with_abdessamad/crud/vendor/laravel/framework/src/Illuminate/Foundation/Http/Middleware/TransformsRequest.php(21): Illuminate\\Pipeline\\Pipeline->Illuminate\\Pipeline\\{closure}()
#47 /home/azzirari-abdessamad/Project/Project_Laravel/laravel_with_abdessamad/crud/vendor/laravel/framework/src/Illuminate/Foundation/Http/Middleware/TrimStrings.php(51): Illuminate\\Foundation\\Http\\Middleware\\TransformsRequest->handle()
#48 /home/azzirari-abdessamad/Project/Project_Laravel/laravel_with_abdessamad/crud/vendor/laravel/framework/src/Illuminate/Pipeline/Pipeline.php(219): Illuminate\\Foundation\\Http\\Middleware\\TrimStrings->handle()
#49 /home/azzirari-abdessamad/Project/Project_Laravel/laravel_with_abdessamad/crud/vendor/laravel/framework/src/Illuminate/Http/Middleware/ValidatePostSize.php(27): Illuminate\\Pipeline\\Pipeline->Illuminate\\Pipeline\\{closure}()
#50 /home/azzirari-abdessamad/Project/Project_Laravel/laravel_with_abdessamad/crud/vendor/laravel/framework/src/Illuminate/Pipeline/Pipeline.php(219): Illuminate\\Http\\Middleware\\ValidatePostSize->handle()
#51 /home/azzirari-abdessamad/Project/Project_Laravel/laravel_with_abdessamad/crud/vendor/laravel/framework/src/Illuminate/Foundation/Http/Middleware/PreventRequestsDuringMaintenance.php(109): Illuminate\\Pipeline\\Pipeline->Illuminate\\Pipeline\\{closure}()
#52 /home/azzirari-abdessamad/Project/Project_Laravel/laravel_with_abdessamad/crud/vendor/laravel/framework/src/Illuminate/Pipeline/Pipeline.php(219): Illuminate\\Foundation\\Http\\Middleware\\PreventRequestsDuringMaintenance->handle()
#53 /home/azzirari-abdessamad/Project/Project_Laravel/laravel_with_abdessamad/crud/vendor/laravel/framework/src/Illuminate/Http/Middleware/HandleCors.php(61): Illuminate\\Pipeline\\Pipeline->Illuminate\\Pipeline\\{closure}()
#54 /home/azzirari-abdessamad/Project/Project_Laravel/laravel_with_abdessamad/crud/vendor/laravel/framework/src/Illuminate/Pipeline/Pipeline.php(219): Illuminate\\Http\\Middleware\\HandleCors->handle()
#55 /home/azzirari-abdessamad/Project/Project_Laravel/laravel_with_abdessamad/crud/vendor/laravel/framework/src/Illuminate/Http/Middleware/TrustProxies.php(58): Illuminate\\Pipeline\\Pipeline->Illuminate\\Pipeline\\{closure}()
#56 /home/azzirari-abdessamad/Project/Project_Laravel/laravel_with_abdessamad/crud/vendor/laravel/framework/src/Illuminate/Pipeline/Pipeline.php(219): Illuminate\\Http\\Middleware\\TrustProxies->handle()
#57 /home/azzirari-abdessamad/Project/Project_Laravel/laravel_with_abdessamad/crud/vendor/laravel/framework/src/Illuminate/Foundation/Http/Middleware/InvokeDeferredCallbacks.php(22): Illuminate\\Pipeline\\Pipeline->Illuminate\\Pipeline\\{closure}()
#58 /home/azzirari-abdessamad/Project/Project_Laravel/laravel_with_abdessamad/crud/vendor/laravel/framework/src/Illuminate/Pipeline/Pipeline.php(219): Illuminate\\Foundation\\Http\\Middleware\\InvokeDeferredCallbacks->handle()
#59 /home/azzirari-abdessamad/Project/Project_Laravel/laravel_with_abdessamad/crud/vendor/laravel/framework/src/Illuminate/Http/Middleware/ValidatePathEncoding.php(28): Illuminate\\Pipeline\\Pipeline->Illuminate\\Pipeline\\{closure}()
#60 /home/azzirari-abdessamad/Project/Project_Laravel/laravel_with_abdessamad/crud/vendor/laravel/framework/src/Illuminate/Pipeline/Pipeline.php(219): Illuminate\\Http\\Middleware\\ValidatePathEncoding->handle()
#61 /home/azzirari-abdessamad/Project/Project_Laravel/laravel_with_abdessamad/crud/vendor/laravel/framework/src/Illuminate/Pipeline/Pipeline.php(137): Illuminate\\Pipeline\\Pipeline->Illuminate\\Pipeline\\{closure}()
#62 /home/azzirari-abdessamad/Project/Project_Laravel/laravel_with_abdessamad/crud/vendor/laravel/framework/src/Illuminate/Foundation/Http/Kernel.php(175): Illuminate\\Pipeline\\Pipeline->then()
#63 /home/azzirari-abdessamad/Project/Project_Laravel/laravel_with_abdessamad/crud/vendor/laravel/framework/src/Illuminate/Foundation/Http/Kernel.php(144): Illuminate\\Foundation\\Http\\Kernel->sendRequestThroughRouter()
#64 /home/azzirari-abdessamad/Project/Project_Laravel/laravel_with_abdessamad/crud/vendor/laravel/framework/src/Illuminate/Foundation/Application.php(1220): Illuminate\\Foundation\\Http\\Kernel->handle()
#65 /home/azzirari-abdessamad/Project/Project_Laravel/laravel_with_abdessamad/crud/public/index.php(17): Illuminate\\Foundation\\Application->handleRequest()
#66 /home/azzirari-abdessamad/Project/Project_Laravel/laravel_with_abdessamad/crud/server.php(21): require_once('...')
#67 {main}
"} 
